[    0.000000] Linux version 4.15.0-208-generic (buildd@lcy02-amd64-015) (gcc version 7.5.0 (Ubuntu 7.5.0-3ubuntu1~18.04)) #220-Ubuntu SMP Mon Mar 20 14:27:01 UTC 2023 (Ubuntu 4.15.0-208.220-generic 4.15.18)
[    0.000000] Command line: BOOT_IMAGE=/boot/vmlinuz-4.15.0-208-generic root=LABEL=cloudimg-rootfs ro console=tty1 console=ttyS0
[    0.000000] KERNEL supported cpus:
[    0.000000]   Intel GenuineIntel
[    0.000000]   AMD AuthenticAMD
[    0.000000]   Centaur CentaurHauls
[    0.000000] x86/fpu: Supporting XSAVE feature 0x001: 'x87 floating point registers'
[    0.000000] x86/fpu: Supporting XSAVE feature 0x002: 'SSE registers'
[    0.000000] x86/fpu: Supporting XSAVE feature 0x004: 'AVX registers'
[    0.000000] x86/fpu: xstate_offset[2]:  576, xstate_sizes[2]:  256
[    0.000000] x86/fpu: Enabled xstate features 0x7, context size is 832 bytes, using 'standard' format.
[    0.000000] e820: BIOS-provided physical RAM map:
[    0.000000] BIOS-e820: [mem 0x0000000000000000-0x000000000009fbff] usable
[    0.000000] BIOS-e820: [mem 0x000000000009fc00-0x000000000009ffff] reserved
[    0.000000] BIOS-e820: [mem 0x00000000000f0000-0x00000000000fffff] reserved
[    0.000000] BIOS-e820: [mem 0x0000000000100000-0x00000000dffeffff] usable
[    0.000000] BIOS-e820: [mem 0x00000000dfff0000-0x00000000dfffffff] ACPI data
[    0.000000] BIOS-e820: [mem 0x00000000fec00000-0x00000000fec00fff] reserved
[    0.000000] BIOS-e820: [mem 0x00000000fee00000-0x00000000fee00fff] reserved
[    0.000000] BIOS-e820: [mem 0x00000000fffc0000-0x00000000ffffffff] reserved
[    0.000000] BIOS-e820: [mem 0x0000000100000000-0x000000011fffffff] usable
[    0.000000] NX (Execute Disable) protection: active
[    0.000000] SMBIOS 2.5 present.
[    0.000000] DMI: innotek GmbH VirtualBox/VirtualBox, BIOS VirtualBox 12/01/2006
[    0.000000] Hypervisor detected: KVM
[    0.000000] e820: last_pfn = 0x120000 max_arch_pfn = 0x400000000
[    0.000000] MTRR: Disabled
[    0.000000] x86/PAT: MTRRs disabled, skipping PAT initialization too.
[    0.000000] CPU MTRRs all blank - virtualized system.
[    0.000000] x86/PAT: Configuration [0-7]: WB  WT  UC- UC  WB  WT  UC- UC  
[    0.000000] e820: last_pfn = 0xdfff0 max_arch_pfn = 0x400000000
[    0.000000] found SMP MP-table at [mem 0x0009fff0-0x0009ffff]
[    0.000000] Scanning 1 areas for low memory corruption
[    0.000000] RAMDISK: [mem 0x359c9000-0x36cdbfff]
[    0.000000] ACPI: Early table checksum verification disabled
[    0.000000] ACPI: RSDP 0x00000000000E0000 000024 (v02 VBOX  )
[    0.000000] ACPI: XSDT 0x00000000DFFF0030 00003C (v01 VBOX   VBOXXSDT 00000001 ASL  00000061)
[    0.000000] ACPI: FACP 0x00000000DFFF00F0 0000F4 (v04 VBOX   VBOXFACP 00000001 ASL  00000061)
[    0.000000] ACPI: DSDT 0x00000000DFFF0470 002325 (v02 VBOX   VBOXBIOS 00000002 INTL 20200925)
[    0.000000] ACPI: FACS 0x00000000DFFF0200 000040
[    0.000000] ACPI: FACS 0x00000000DFFF0200 000040
[    0.000000] ACPI: APIC 0x00000000DFFF0240 00005C (v02 VBOX   VBOXAPIC 00000001 ASL  00000061)
[    0.000000] ACPI: SSDT 0x00000000DFFF02A0 0001CC (v01 VBOX   VBOXCPUT 00000002 INTL 20200925)
[    0.000000] ACPI: Reserving FACP table memory at [mem 0xdfff00f0-0xdfff01e3]
[    0.000000] ACPI: Reserving DSDT table memory at [mem 0xdfff0470-0xdfff2794]
[    0.000000] ACPI: Reserving FACS table memory at [mem 0xdfff0200-0xdfff023f]
[    0.000000] ACPI: Reserving FACS table memory at [mem 0xdfff0200-0xdfff023f]
[    0.000000] ACPI: Reserving APIC table memory at [mem 0xdfff0240-0xdfff029b]
[    0.000000] ACPI: Reserving SSDT table memory at [mem 0xdfff02a0-0xdfff046b]
[    0.000000] No NUMA configuration found
[    0.000000] Faking a node at [mem 0x0000000000000000-0x000000011fffffff]
[    0.000000] NODE_DATA(0) allocated [mem 0x11ffd1000-0x11fffbfff]
[    0.000000] kvm-clock: cpu 0, msr 1:1ff50001, primary cpu clock
[    0.000000] kvm-clock: Using msrs 4b564d01 and 4b564d00
[    0.000000] kvm-clock: using sched offset of 2915994668 cycles
[    0.000000] clocksource: kvm-clock: mask: 0xffffffffffffffff max_cycles: 0x1cd42e4dffb, max_idle_ns: 881590591483 ns
[    0.000000] Zone ranges:
[    0.000000]   DMA      [mem 0x0000000000001000-0x0000000000ffffff]
[    0.000000]   DMA32    [mem 0x0000000001000000-0x00000000ffffffff]
[    0.000000]   Normal   [mem 0x0000000100000000-0x000000011fffffff]
[    0.000000]   Device   empty
[    0.000000] Movable zone start for each node
[    0.000000] Early memory node ranges
[    0.000000]   node   0: [mem 0x0000000000001000-0x000000000009efff]
[    0.000000]   node   0: [mem 0x0000000000100000-0x00000000dffeffff]
[    0.000000]   node   0: [mem 0x0000000100000000-0x000000011fffffff]
[    0.000000] Reserved but unavailable: 104 pages
[    0.000000] Initmem setup node 0 [mem 0x0000000000001000-0x000000011fffffff]
[    0.000000] ACPI: PM-Timer IO Port: 0x4008
[    0.000000] IOAPIC[0]: apic_id 2, version 32, address 0xfec00000, GSI 0-23
[    0.000000] ACPI: INT_SRC_OVR (bus 0 bus_irq 0 global_irq 2 dfl dfl)
[    0.000000] ACPI: INT_SRC_OVR (bus 0 bus_irq 9 global_irq 9 low level)
[    0.000000] Using ACPI (MADT) for SMP configuration information
[    0.000000] smpboot: Allowing 2 CPUs, 0 hotplug CPUs
[    0.000000] PM: Registered nosave memory: [mem 0x00000000-0x00000fff]
[    0.000000] PM: Registered nosave memory: [mem 0x0009f000-0x0009ffff]
[    0.000000] PM: Registered nosave memory: [mem 0x000a0000-0x000effff]
[    0.000000] PM: Registered nosave memory: [mem 0x000f0000-0x000fffff]
[    0.000000] PM: Registered nosave memory: [mem 0xdfff0000-0xdfffffff]
[    0.000000] PM: Registered nosave memory: [mem 0xe0000000-0xfebfffff]
[    0.000000] PM: Registered nosave memory: [mem 0xfec00000-0xfec00fff]
[    0.000000] PM: Registered nosave memory: [mem 0xfec01000-0xfedfffff]
[    0.000000] PM: Registered nosave memory: [mem 0xfee00000-0xfee00fff]
[    0.000000] PM: Registered nosave memory: [mem 0xfee01000-0xfffbffff]
[    0.000000] PM: Registered nosave memory: [mem 0xfffc0000-0xffffffff]
[    0.000000] e820: [mem 0xe0000000-0xfebfffff] available for PCI devices
[    0.000000] Booting paravirtualized kernel on KVM
[    0.000000] clocksource: refined-jiffies: mask: 0xffffffff max_cycles: 0xffffffff, max_idle_ns: 7645519600211568 ns
[    0.000000] setup_percpu: NR_CPUS:8192 nr_cpumask_bits:2 nr_cpu_ids:2 nr_node_ids:1
[    0.000000] percpu: Embedded 50 pages/cpu s167936 r8192 d28672 u1048576
[    0.000000] PV qspinlock hash table entries: 256 (order: 0, 4096 bytes)
[    0.000000] Built 1 zonelists, mobility grouping on.  Total pages: 1032057
[    0.000000] Policy zone: Normal
[    0.000000] Kernel command line: BOOT_IMAGE=/boot/vmlinuz-4.15.0-208-generic root=LABEL=cloudimg-rootfs ro console=tty1 console=ttyS0
[    0.000000] Memory: 4013248K/4193848K available (12300K kernel code, 2477K rwdata, 4324K rodata, 2480K init, 2720K bss, 180600K reserved, 0K cma-reserved)
[    0.000000] SLUB: HWalign=64, Order=0-3, MinObjects=0, CPUs=2, Nodes=1
[    0.000000] Kernel/User page tables isolation: enabled
[    0.000000] ftrace: allocating 39494 entries in 155 pages
[    0.004000] Hierarchical RCU implementation.
[    0.004000] 	RCU restricting CPUs from NR_CPUS=8192 to nr_cpu_ids=2.
[    0.004000] 	Tasks RCU enabled.
[    0.004000] RCU: Adjusting geometry for rcu_fanout_leaf=16, nr_cpu_ids=2
[    0.004000] NR_IRQS: 524544, nr_irqs: 440, preallocated irqs: 16
[    0.004000] random: crng init done
[    0.004000] Console: colour VGA+ 80x25
[    0.004000] console [tty1] enabled
[    0.004000] console [ttyS0] enabled
[    0.004000] ACPI: Core revision 20170831
[    0.004000] ACPI: 2 ACPI AML tables successfully acquired and loaded
[    0.004000] APIC: Switch to symmetric I/O mode setup
[    0.004000] x2apic enabled
[    0.004000] Switched APIC routing to physical x2apic.
[    0.004000] ..TIMER: vector=0x30 apic1=0 pin1=2 apic2=-1 pin2=-1
[    0.004000] tsc: Detected 3478.712 MHz processor
[    0.004000] Calibrating delay loop (skipped) preset value.. 6957.42 BogoMIPS (lpj=13914848)
[    0.004000] pid_max: default: 32768 minimum: 301
[    0.004000] Security Framework initialized
[    0.004003] Yama: becoming mindful.
[    0.004313] AppArmor: AppArmor initialized
[    0.005539] Dentry cache hash table entries: 524288 (order: 10, 4194304 bytes)
[    0.006556] Inode-cache hash table entries: 262144 (order: 9, 2097152 bytes)
[    0.007122] Mount-cache hash table entries: 8192 (order: 4, 65536 bytes)
[    0.007652] Mountpoint-cache hash table entries: 8192 (order: 4, 65536 bytes)
[    0.008159] Last level iTLB entries: 4KB 0, 2MB 0, 4MB 0
[    0.008592] Last level dTLB entries: 4KB 0, 2MB 0, 4MB 0, 1GB 0
[    0.009064] Spectre V1 : Mitigation: usercopy/swapgs barriers and __user pointer sanitization
[    0.009734] Spectre V2 : Mitigation: Retpolines
[    0.010105] Spectre V2 : Spectre v2 / SpectreRSB mitigation: Filling RSB on context switch
[    0.010749] Spectre V2 : Spectre v2 / SpectreRSB : Filling RSB on VMEXIT
[    0.011270] Speculative Store Bypass: Vulnerable
[    0.012023] MDS: Mitigation: Clear CPU buffers
[    0.012388] MMIO Stale Data: Unknown: No mitigations
[    0.012907] Freeing SMP alternatives memory: 36K
[    0.125192] APIC calibration not consistent with PM-Timer: 101ms instead of 100ms
[    0.125928] APIC delta adjusted to PM-Timer: 6249978 (6346185)
[    0.126416] smpboot: CPU0: 13th Gen Intel(R) Core(TM) i7-13700K (family: 0x6, model: 0xb7, stepping: 0x1)
[    0.127183] Performance Events: unsupported p6 CPU model 183 no PMU driver, software events only.
[    0.127883] Hierarchical SRCU implementation.
[    0.128000] NMI watchdog: Perf event create on CPU 0 failed with -2
[    0.128000] NMI watchdog: Perf NMI watchdog permanently disabled
[    0.128000] smp: Bringing up secondary CPUs ...
[    0.128000] x86: Booting SMP configuration:
[    0.128001] .... node  #0, CPUs:      #1
[    0.004000] kvm-clock: cpu 1, msr 1:1ff50041, secondary cpu clock
[    0.131439] smp: Brought up 1 node, 2 CPUs
[    0.132002] smpboot: Max logical packages: 1
[    0.132354] smpboot: Total of 2 processors activated (13914.84 BogoMIPS)
[    0.132968] devtmpfs: initialized
[    0.132968] x86/mm: Memory block size: 128MB
[    0.132968] evm: security.selinux
[    0.133064] evm: security.SMACK64
[    0.133343] evm: security.SMACK64EXEC
[    0.133651] evm: security.SMACK64TRANSMUTE
[    0.133985] evm: security.SMACK64MMAP
[    0.134293] evm: security.apparmor
[    0.134583] evm: security.ima
[    0.136001] evm: security.capability
[    0.136316] clocksource: jiffies: mask: 0xffffffff max_cycles: 0xffffffff, max_idle_ns: 7645041785100000 ns
[    0.136760] futex hash table entries: 512 (order: 3, 32768 bytes)
[    0.137251] pinctrl core: initialized pinctrl subsystem
[    0.137714] RTC time: 16:45:04, date: 05/24/23
[    0.138143] NET: Registered protocol family 16
[    0.138531] audit: initializing netlink subsys (disabled)
[    0.138970] audit: type=2000 audit(1684946708.518:1): state=initialized audit_enabled=0 res=1
[    0.140012] cpuidle: using governor ladder
[    0.140349] cpuidle: using governor menu
[    0.140684] ACPI: bus type PCI registered
[    0.141015] acpiphp: ACPI Hot Plug PCI Controller Driver version: 0.5
[    0.141552] PCI: Using configuration type 1 for base access
[    0.142000] HugeTLB registered 2.00 MiB page size, pre-allocated 0 pages
[    0.144024] ACPI: Added _OSI(Module Device)
[    0.144375] ACPI: Added _OSI(Processor Device)
[    0.144737] ACPI: Added _OSI(3.0 _SCP Extensions)
[    0.145114] ACPI: Added _OSI(Processor Aggregator Device)
[    0.145538] ACPI: Added _OSI(Linux-Dell-Video)
[    0.145897] ACPI: Added _OSI(Linux-Lenovo-NV-HDMI-Audio)
[    0.146317] ACPI: Added _OSI(Linux-HPI-Hybrid-Graphics)
[    0.146866] ACPI: Executed 1 blocks of module-level executable AML code
[    0.148866] ACPI: Interpreter enabled
[    0.149182] ACPI: (supports S0 S5)
[    0.149473] ACPI: Using IOAPIC for interrupt routing
[    0.150220] PCI: Using host bridge windows from ACPI; if necessary, use "pci=nocrs" and report a bug
[    0.150992] ACPI: Enabled 2 GPEs in block 00 to 07
[    0.153644] ACPI: PCI Root Bridge [PCI0] (domain 0000 [bus 00-ff])
[    0.154133] acpi PNP0A03:00: _OSC: OS supports [ASPM ClockPM Segments MSI]
[    0.154856] acpi PNP0A03:00: _OSC: not requesting OS control; OS requires [ExtendedConfig ASPM ClockPM MSI]
[    0.155613] acpi PNP0A03:00: fail to add MMCONFIG information, can't access extended PCI configuration space under this bridge.
[    0.156141] PCI host bridge to bus 0000:00
[    0.156478] pci_bus 0000:00: root bus resource [io  0x0000-0x0cf7 window]
[    0.156998] pci_bus 0000:00: root bus resource [io  0x0d00-0xffff window]
[    0.157519] pci_bus 0000:00: root bus resource [mem 0x000a0000-0x000bffff window]
[    0.158117] pci_bus 0000:00: root bus resource [mem 0xe0000000-0xfdffffff window]
[    0.159557] pci_bus 0000:00: root bus resource [bus 00-ff]
[    0.160000] pci 0000:00:01.1: legacy IDE quirk: reg 0x10: [io  0x01f0-0x01f7]
[    0.160001] pci 0000:00:01.1: legacy IDE quirk: reg 0x14: [io  0x03f6]
[    0.160510] pci 0000:00:01.1: legacy IDE quirk: reg 0x18: [io  0x0170-0x0177]
[    0.164000] pci 0000:00:01.1: legacy IDE quirk: reg 0x1c: [io  0x0376]
[    0.177130] pci 0000:00:07.0: quirk: [io  0x4000-0x403f] claimed by PIIX4 ACPI
[    0.177727] pci 0000:00:07.0: quirk: [io  0x4100-0x410f] claimed by PIIX4 SMB
[    0.185504] ACPI: PCI Interrupt Link [LNKA] (IRQs 5 9 10 *11)
[    0.186078] ACPI: PCI Interrupt Link [LNKB] (IRQs 5 9 *10 11)
[    0.186570] ACPI: PCI Interrupt Link [LNKC] (IRQs 5 *9 10 11)
[    0.187057] ACPI: PCI Interrupt Link [LNKD] (IRQs 5 9 10 *11)
[    0.187683] SCSI subsystem initialized
[    0.188026] pci 0000:00:02.0: vgaarb: setting as boot VGA device
[    0.188474] pci 0000:00:02.0: vgaarb: VGA device added: decodes=io+mem,owns=io+mem,locks=none
[    0.189138] pci 0000:00:02.0: vgaarb: bridge control possible
[    0.189592] vgaarb: loaded
[    0.189843] ACPI: bus type USB registered
[    0.190203] usbcore: registered new interface driver usbfs
[    0.190643] usbcore: registered new interface driver hub
[    0.191066] usbcore: registered new device driver usb
[    0.191493] EDAC MC: Ver: 3.0.0
[    0.192100] PCI: Using ACPI for IRQ routing
[    0.192478] NetLabel: Initializing
[    0.192763] NetLabel:  domain hash size = 128
[    0.193118] NetLabel:  protocols = UNLABELED CIPSOv4 CALIPSO
[    0.193570] NetLabel:  unlabeled traffic allowed by default
[    0.194010] clocksource: Switched to clocksource kvm-clock
[    0.197795] VFS: Disk quotas dquot_6.6.0
[    0.198129] VFS: Dquot-cache hash table entries: 512 (order 0, 4096 bytes)
[    0.198694] AppArmor: AppArmor Filesystem Enabled
[    0.199080] pnp: PnP ACPI init
[    0.199724] pnp: PnP ACPI: found 3 devices
[    0.206440] clocksource: acpi_pm: mask: 0xffffff max_cycles: 0xffffff, max_idle_ns: 2085701024 ns
[    0.207180] NET: Registered protocol family 2
[    0.207580] IP idents hash table entries: 65536 (order: 7, 524288 bytes)
[    0.208297] TCP established hash table entries: 32768 (order: 6, 262144 bytes)
[    0.208886] TCP bind hash table entries: 32768 (order: 7, 524288 bytes)
[    0.209785] TCP: Hash tables configured (established 32768 bind 32768)
[    0.210304] UDP hash table entries: 2048 (order: 4, 65536 bytes)
[    0.210774] UDP-Lite hash table entries: 2048 (order: 4, 65536 bytes)
[    0.211282] NET: Registered protocol family 1
[    0.211635] pci 0000:00:00.0: Limiting direct PCI/PCI transfers
[    0.212112] pci 0000:00:01.0: Activating ISA DMA hang workarounds
[    0.212598] pci 0000:00:02.0: Video device with shadowed ROM at [mem 0x000c0000-0x000dffff]
[    0.213282] Unpacking initramfs...
[    0.370950] Freeing initrd memory: 19532K
[    0.371400] PCI-DMA: Using software bounce buffering for IO (SWIOTLB)
[    0.371894] software IO TLB: mapped [mem 0xdbff0000-0xdfff0000] (64MB)
[    0.372438] clocksource: tsc: mask: 0xffffffffffffffff max_cycles: 0x3224c32e3d6, max_idle_ns: 440795320548 ns
[    0.373318] platform rtc_cmos: registered platform RTC device (no PNP device found)
[    0.373932] Scanning for low memory corruption every 60 seconds
[    0.374867] Initialise system trusted keyrings
[    0.375250] Key type blacklist registered
[    0.375616] workingset: timestamp_bits=36 max_order=20 bucket_order=0
[    0.376878] zbud: loaded
[    0.377329] squashfs: version 4.0 (2009/01/31) Phillip Lougher
[    0.377854] fuse init (API version 7.26)
[    0.379041] Key type asymmetric registered
[    0.379387] Asymmetric key parser 'x509' registered
[    0.379789] Block layer SCSI generic (bsg) driver version 0.4 loaded (major 246)
[    0.380409] io scheduler noop registered
[    0.380737] io scheduler deadline registered
[    0.381093] io scheduler cfq registered (default)
[    0.381604] ACPI: AC Adapter [AC] (on-line)
[    0.381965] input: Power Button as /devices/LNXSYSTM:00/LNXPWRBN:00/input/input0
[    0.382576] ACPI: Power Button [PWRF]
[    0.382909] input: Sleep Button as /devices/LNXSYSTM:00/LNXSLPBN:00/input/input1
[    0.383494] ACPI: Sleep Button [SLPF]
[    0.383929] Serial: 8250/16550 driver, 32 ports, IRQ sharing enabled
[    0.404791] 00:02: ttyS0 at I/O 0x3f8 (irq = 4, base_baud = 115200) is a 16550A
[    0.406544] Linux agpgart interface v0.103
[    0.407954] loop: module loaded
[    0.408503] scsi host0: ata_piix
[    0.408832] scsi host1: ata_piix
[    0.409118] ata1: PATA max UDMA/33 cmd 0x1f0 ctl 0x3f6 bmdma 0xd000 irq 14
[    0.409645] ata2: PATA max UDMA/33 cmd 0x170 ctl 0x376 bmdma 0xd008 irq 15
[    0.410206] tun: Universal TUN/TAP device driver, 1.6
[    0.410657] PPP generic driver version 2.4.2
[    0.411034] ehci_hcd: USB 2.0 'Enhanced' Host Controller (EHCI) Driver
[    0.411534] ehci-pci: EHCI PCI platform driver
[    0.411901] ehci-platform: EHCI generic platform driver
[    0.412329] ohci_hcd: USB 1.1 'Open' Host Controller (OHCI) Driver
[    0.412808] ohci-pci: OHCI PCI platform driver
[    0.413167] ohci-platform: OHCI generic platform driver
[    0.413578] uhci_hcd: USB Universal Host Controller Interface driver
[    0.414092] i8042: PNP: PS/2 Controller [PNP0303:PS2K,PNP0f03:PS2M] at 0x60,0x64 irq 1,12
[    0.415037] serio: i8042 KBD port at 0x60,0x64 irq 1
[    0.415446] serio: i8042 AUX port at 0x60,0x64 irq 12
[    0.415969] mousedev: PS/2 mouse device common for all mice
[    0.416717] input: AT Translated Set 2 keyboard as /devices/platform/i8042/serio0/input/input2
[    0.417394] rtc_cmos rtc_cmos: rtc core: registered rtc_cmos as rtc0
[    0.417916] rtc_cmos rtc_cmos: alarms up to one day, 114 bytes nvram
[    0.418413] i2c /dev entries driver
[    0.418728] device-mapper: uevent: version 1.0.3
[    0.419200] device-mapper: ioctl: 4.37.0-ioctl (2017-09-20) initialised: dm-devel@redhat.com
[    0.419880] ledtrig-cpu: registered to indicate activity on CPUs
[    0.420520] NET: Registered protocol family 10
[    0.423158] Segment Routing with IPv6
[    0.423470] NET: Registered protocol family 17
[    0.424346] Key type dns_resolver registered
[    0.425279] mce: Using 0 MCE banks
[    0.426011] RAS: Correctable Errors collector initialized.
[    0.426974] sched_clock: Marking stable (425268407, 0)->(535573405, -110304998)
[    0.427966] registered taskstats version 1
[    0.428321] Loading compiled-in X.509 certificates
[    0.429609] Loaded X.509 cert 'Build time autogenerated kernel key: 05d3fa630a0ed8a65520e390196b077fd5e65720'
[    0.430593] Loaded X.509 cert 'Canonical Ltd. Live Patch Signing: 14df34d1a87cf37625abec039ef2bf521249b969'
[    0.431563] Loaded X.509 cert 'Canonical Ltd. Kernel Module Signing: 88f752e560a1e0737e31163a466ad7b70a850c19'
[    0.432344] blacklist: Loading compiled-in revocation X.509 certificates
[    0.432865] Loaded X.509 cert 'Canonical Ltd. Secure Boot Signing: 61482aa2830d0ab2ad5af10b7250da9033ddcef0'
[    0.433628] Loaded X.509 cert 'Canonical Ltd. Secure Boot Signing (2017): 242ade75ac4a15e50d50c84b0d45ff3eae707a03'
[    0.434426] Loaded X.509 cert 'Canonical Ltd. Secure Boot Signing (ESM 2018): 365188c1d374d6b07c3c8f240f8ef722433d6a8b'
[    0.435245] Loaded X.509 cert 'Canonical Ltd. Secure Boot Signing (2019): c0746fd6c5da3ae827864651ad66ae47fe24b3e8'
[    0.436053] Loaded X.509 cert 'Canonical Ltd. Secure Boot Signing (2021 v1): a8d54bbb3825cfb94fa13c9f8a594a195c107b8d'
[    0.436877] Loaded X.509 cert 'Canonical Ltd. Secure Boot Signing (2021 v2): 4cf046892d6fd3c9a5b03f98d845f90851dc6a8c'
[    0.437691] Loaded X.509 cert 'Canonical Ltd. Secure Boot Signing (2021 v3): 100437bb6de6e469b581e61cd66bce3ef4ed53af'
[    0.438514] Loaded X.509 cert 'Canonical Ltd. Secure Boot Signing (Ubuntu Core 2019): c1d57b8f6b743f23ee41f4f7ee292f06eecadfb9'
[    0.439400] zswap: loaded using pool lzo/zbud
[    0.441045] Key type big_key registered
[    0.441377] Key type trusted registered
[    0.442739] Key type encrypted registered
[    0.443081] AppArmor: AppArmor sha1 policy hashing enabled
[    0.443518] ima: No TPM chip found, activating TPM-bypass! (rc=-19)
[    0.444017] ima: Allocated hash algorithm: sha1
[    0.444387] evm: HMAC attrs: 0x1
[    0.444777]   Magic number: 7:730:793
[    0.445141] rtc_cmos rtc_cmos: setting system clock to 2023-05-24 16:45:04 UTC (1684946704)
[    0.445835] BIOS EDD facility v0.16 2004-Jun-25, 0 devices found
[    0.446303] EDD information not available.
[    0.590769] Freeing unused kernel image memory: 2480K
[    0.944595] Write protecting the kernel read-only data: 20480k
[    0.946164] Freeing unused kernel image memory: 2008K
[    0.946816] Freeing unused kernel image memory: 1820K
[    0.949641] x86/mm: Checked W+X mappings: passed, no W+X pages found.
[    0.950164] x86/mm: Checking user space page tables
[    0.952899] x86/mm: Checked W+X mappings: passed, no W+X pages found.
Loading, please wait...
starting version 237
[    0.989365] e1000: Intel(R) PRO/1000 Network Driver - version 7.3.21-k8-NAPI
[    0.990260] e1000: Copyright (c) 1999-2006 Intel Corporation.
[    0.996312] Fusion MPT base driver 3.04.20
[    0.996670] Copyright (c) 1999-2008 LSI Corporation
[    1.000988] Fusion MPT SPI Host driver 3.04.20
[    1.004439] AVX2 version of gcm_enc/dec engaged.
[    1.004830] AES CTR mode by8 optimization enabled
[    1.200852] input: ImExPS/2 Generic Explorer Mouse as /devices/platform/i8042/serio1/input/input4
[    1.323988] e1000 0000:00:03.0 eth0: (PCI:33MHz:32-bit) 02:e1:6b:97:21:6b
[    1.324612] e1000 0000:00:03.0 eth0: Intel(R) PRO/1000 Network Connection
[    1.325710] mptbase: ioc0: Initiating bringup
[    1.420130] ioc0: LSI53C1030 A0: Capabilities={Initiator}
[    1.661172] scsi host2: ioc0: LSI53C1030 A0, FwRev=00000000h, Ports=1, MaxQ=256, IRQ=20
[    1.828443] scsi 2:0:0:0: Direct-Access     VBOX     HARDDISK         1.0  PQ: 0 ANSI: 5
[    1.880022] scsi target2:0:0: Beginning Domain Validation
[    1.880864] scsi target2:0:0: Domain Validation skipping write tests
[    1.881385] scsi target2:0:0: Ending Domain Validation
[    1.881824] scsi target2:0:0: asynchronous
[    1.882297] scsi 2:0:1:0: Direct-Access     VBOX     HARDDISK         1.0  PQ: 0 ANSI: 5
[    2.140060] scsi target2:0:1: Beginning Domain Validation
[    2.140929] scsi target2:0:1: Domain Validation skipping write tests
[    2.141434] scsi target2:0:1: Ending Domain Validation
[    2.141858] scsi target2:0:1: asynchronous
[    2.143448] sd 2:0:0:0: [sda] 83886080 512-byte logical blocks: (42.9 GB/40.0 GiB)
[    2.144093] sd 2:0:0:0: [sda] Write Protect is off
[    2.144507] sd 2:0:0:0: [sda] Incomplete mode parameter data
[    2.144956] sd 2:0:0:0: [sda] Assuming drive cache: write through
[    2.145636] sd 2:0:0:0: Attached scsi generic sg0 type 0
[    2.146294] sd 2:0:1:0: Attached scsi generic sg1 type 0
[    2.146757]  sda: sda1
[    2.147124] sd 2:0:1:0: [sdb] 20480 512-byte logical blocks: (10.5 MB/10.0 MiB)
[    2.147196] sd 2:0:0:0: [sda] Attached SCSI disk
[    2.148186] sd 2:0:1:0: [sdb] Write Protect is off
[    2.148841] sd 2:0:1:0: [sdb] Incomplete mode parameter data
[    2.149316] sd 2:0:1:0: [sdb] Assuming drive cache: write through
[    2.155576] sd 2:0:1:0: [sdb] Attached SCSI disk
[    2.166231] e1000 0000:00:08.0 eth1: (PCI:33MHz:32-bit) 08:00:27:28:9b:1c
[    2.167171] e1000 0000:00:08.0 eth1: Intel(R) PRO/1000 Network Connection
[    2.168694] e1000 0000:00:03.0 enp0s3: renamed from eth0
[    2.184124] e1000 0000:00:08.0 enp0s8: renamed from eth1
Begin: Loading essential drivers ... [    3.528011] raid6: sse2x1   gen() 27736 MB/s
[    3.576007] raid6: sse2x1   xor() 17842 MB/s
[    3.624008] raid6: sse2x2   gen() 34013 MB/s
[    3.672007] raid6: sse2x2   xor() 20468 MB/s
[    3.720009] raid6: sse2x4   gen() 36793 MB/s
[    3.768008] raid6: sse2x4   xor() 15653 MB/s
[    3.816007] raid6: avx2x1   gen() 42650 MB/s
[    3.864006] raid6: avx2x1   xor() 34059 MB/s
[    3.912009] raid6: avx2x2   gen() 45880 MB/s
[    3.960007] raid6: avx2x2   xor() 36501 MB/s
[    4.008009] raid6: avx2x4   gen() 46212 MB/s
[    4.056008] raid6: avx2x4   xor() 17091 MB/s
[    4.056413] raid6: using algorithm avx2x4 gen() 46212 MB/s
[    4.056839] raid6: .... xor() 17091 MB/s, rmw enabled
[    4.057233] raid6: using avx2x2 recovery algorithm
[    4.058356] xor: automatically using best checksumming function   avx       
[    4.059695] async_tx: api initialized (async)
done.
Begin: Running /scripts/init-premount ... done.
Begin: Mounting root file system ... Begin: Running /scripts/local-top ... done.
Begin: Running /scripts/local-premount ... [    4.079392] Btrfs loaded, crc32c=crc32c-intel
Scanning for Btrfs filesystems
done.
Warning: fsck not present, so skipping root file system
[    4.097479] EXT4-fs (sda1): mounted filesystem with ordered data mode. Opts: (null)
done.
Begin: Running /scripts/local-bottom ... done.
Begin: Running /scripts/init-bottom ... done.
[    4.183745] ip_tables: (C) 2000-2006 Netfilter Core Team
[    4.187576] systemd[1]: systemd 237 running in system mode. (+PAM +AUDIT +SELINUX +IMA +APPARMOR +SMACK +SYSVINIT +UTMP +LIBCRYPTSETUP +GCRYPT +GNUTLS +ACL +XZ +LZ4 +SECCOMP +BLKID +ELFUTILS +KMOD -IDN2 +IDN -PCRE2 default-hierarchy=hybrid)
[    4.189304] systemd[1]: Detected virtualization oracle.
[    4.189744] systemd[1]: Detected architecture x86-64.

Welcome to [1mUbuntu 18.04.6 LTS[0m!

[    4.194116] systemd[1]: Set hostname to <ubuntu>.
[    4.202019] systemd[1]: Initializing machine ID from random generator.
[    4.202589] systemd[1]: Installed transient /etc/machine-id file.
[    4.470428] systemd[1]: Set up automount Arbitrary Executable File Formats File System Automount Point.
[[0;32m  OK  [0m] Set up automount Arbitrary Executab…rmats File System Automount Point.
[    4.471670] systemd[1]: Reached target User and Group Name Lookups.
[[0;32m  OK  [0m] Reached target User and Group Name Lookups.
[    4.472467] systemd[1]: Reached target Swap.
[[0;32m  OK  [0m] Reached target Swap.
[    4.473688] systemd[1]: Created slice System Slice.
[[0;32m  OK  [0m] Created slice System Slice.
[[0;32m  OK  [0m] Listening on /dev/initctl Compatibility Named Pipe.
[[0;32m  OK  [0m] Listening on LVM2 poll daemon socket.
[[0;32m  OK  [0m] Listening on Network Service Netlink Socket.
[[0;32m  OK  [0m] Listening on Journal Audit Socket.
[[0;32m  OK  [0m] Listening on fsck to fsckd communication Socket.
[[0;32m  OK  [0m] Listening on udev Control Socket.
[[0;32m  OK  [0m] Reached target Mounting snaps.
[[0;32m  OK  [0m] Reached target Mounted snaps.
[[0;32m  OK  [0m] Created slice User and Session Slice.
[[0;32m  OK  [0m] Reached target Slices.
[[0;32m  OK  [0m] Listening on LVM2 metadata daemon socket.
[[0;32m  OK  [0m] Created slice system-serial\x2dgetty.slice.
[[0;32m  OK  [0m] Listening on Syslog Socket.
[[0;32m  OK  [0m] Listening on Device-mapper event daemon FIFOs.
[[0;32m  OK  [0m] Listening on Journal Socket.
         Mounting Huge Pages File System...
         Starting Monitoring of LVM2 mirrors…ng dmeventd or progress polling...
         Starting Load Kernel Modules...
         Starting Create list of required st…ce nodes for the current kernel...
         Starting Set the console keyboard layout...
         Mounting Kernel Debug File System...
         Mounting POSIX Message Queue File System...
         Starting File System Check on Root Device...
[[0;32m  OK  [0m] Listening on udev Kernel Socket.
         Starting udev Coldplug all Devices...
[[0;32m  OK  [0m] Started Forward Password Requests to Wall Directory Watch.
[[0;32m  OK  [0m] Reached target System Time Synchronized.
         Starting Uncomplicated firewall...
[[0;32m  OK  [0m] Listening on Journal Socket (/dev/log).
         Starting Journal Service...
[[0;32m  OK  [0m] Mounted Kernel Debug File System.
[[0;32m  OK  [0m] Mounted Huge Pages File System.
[[0;32m  OK  [0m] Mounted POSIX Message Queue File System.
[[0;32m  OK  [0m] Started LVM2 metadata daemon.
[    4.511176] Loading iSCSI transport class v2.0-870.
[    4.513797] iscsi: registered transport (tcp)
[    4.520589] iscsi: registered transport (iser)
[[0;32m  OK  [0m] Started Load Kernel Modules.
         Starting Apply Kernel Variables...
         Mounting Kernel Configuration File System...
         Mounting FUSE Control File System...
[[0;32m  OK  [0m] Started Create list of required sta…vice nodes for the current kernel.
[[0;32m  OK  [0m] Mounted Kernel Configuration File System.
[[0;32m  OK  [0m] Mounted FUSE Control File System.
         Starting Create Static Device Nodes in /dev...
[[0;32m  OK  [0m] Started File System Check Daemon to report status.
[[0;32m  OK  [0m] Started Uncomplicated firewall.
[[0;32m  OK  [0m] Started Journal Service.
[[0;32m  OK  [0m] Started udev Coldplug all Devices.
[[0;32m  OK  [0m] Started Create Static Device Nodes in /dev.
[[0;32m  OK  [0m] Started Monitoring of LVM2 mirrors,…sing dmeventd or progress polling.
[[0;32m  OK  [0m] Started Apply Kernel Variables.
[[0;32m  OK  [0m] Started File System Check on Root Device.
         Starting Remount Root and Kernel File Systems...
[[0;32m  OK  [0m] Started Remount Root and Kernel File Systems.
         Starting Load/Save Random Seed...
         Starting Flush Journal to Persistent Storage...
         Starting udev Kernel Device Manager...
[[0;32m  OK  [0m] Started Load/Save Random Seed.
[[0;32m  OK  [0m] Started Set the console keyboard layout.
[[0;32m  OK  [0m] Reached target Local File Systems (Pre).
[[0;32m  OK  [0m] Reached target Local File Systems.
         Starting Set console font and keymap...
         Starting ebtables ruleset management...
         Starting AppArmor initialization...
         Starting Commit a transient machine-id on disk...
         Starting Tell Plymouth To Write Out Runtime Data...
[[0;32m  OK  [0m] Started udev Kernel Device Manager.
[[0;32m  OK  [0m] Started Dispatch Password Requests to Console Directory Watch.
[[0;32m  OK  [0m] Reached target Local Encrypted Volumes.
[[0;32m  OK  [0m] Started Set console font and keymap.
[[0;32m  OK  [0m] Started Tell Plymouth To Write Out Runtime Data.
[[0;32m  OK  [0m] Started Flush Journal to Persistent Storage.
         Starting Create Volatile Files and Directories...
[[0;32m  OK  [0m] Started Commit a transient machine-id on disk.
[[0;32m  OK  [0m] Started Create Volatile Files and Directories.
         Starting Update UTMP about System Boot/Shutdown...
[[0;32m  OK  [0m] Started Update UTMP about System Boot/Shutdown.
[[0;32m  OK  [0m] Started ebtables ruleset management.
[[0;32m  OK  [0m] Found device /dev/ttyS0.
[[0;32m  OK  [0m] Listening on Load/Save RF Kill Switch Status /dev/rfkill Watch.
         Mounting Arbitrary Executable File Formats File System...
[[0;32m  OK  [0m] Mounted Arbitrary Executable File Formats File System.
[[0;32m  OK  [0m] Started AppArmor initialization.
         Starting Load AppArmor profiles managed internally by snapd...
         Starting Initial cloud-init job (pre-networking)...
[[0;32m  OK  [0m] Started Load AppArmor profiles managed internally by snapd.
[    5.797802] cloud-init[585]: Cloud-init v. 23.1.1-0ubuntu0~18.04.1 running 'init-local' at Wed, 24 May 2023 16:45:09 +0000. Up 5.63 seconds.
[[0;32m  OK  [0m] Started Initial cloud-init job (pre-networking).
[[0;32m  OK  [0m] Reached target Network (Pre).
         Starting Network Service...
[[0;32m  OK  [0m] Started Network Service.
         Starting Network Name Resolution...
         Starting Wait for Network to be Configured...
[[0;32m  OK  [0m] Started Network Name Resolution.
[[0;32m  OK  [0m] Reached target Host and Network Name Lookups.
[[0;32m  OK  [0m] Reached target Network.
[[0;32m  OK  [0m] Started Wait for Network to be Configured.
         Starting Initial cloud-init job (metadata service crawler)...
[    7.178550] cloud-init[715]: Cloud-init v. 23.1.1-0ubuntu0~18.04.1 running 'init' at Wed, 24 May 2023 16:45:11 +0000. Up 7.12 seconds.
[    7.179165] cloud-init[715]: ci-info: ++++++++++++++++++++++++++++++++++++++Net device info+++++++++++++++++++++++++++++++++++++++
[    7.179704] cloud-init[715]: ci-info: +--------+-------+----------------------------+---------------+--------+-------------------+
[    7.180247] cloud-init[715]: ci-info: | Device |   Up  |          Address           |      Mask     | Scope  |     Hw-Address    |
[    7.180780] cloud-init[715]: ci-info: +--------+-------+----------------------------+---------------+--------+-------------------+
[    7.181330] cloud-init[715]: ci-info: | enp0s3 |  True |         10.0.2.15          | 255.255.255.0 | global | 02:e1:6b:97:21:6b |
[    7.181862] cloud-init[715]: ci-info: | enp0s3 |  True | fe80::e1:6bff:fe97:216b/64 |       .       |  link  | 02:e1:6b:97:21:6b |
[    7.182434] cloud-init[715]: ci-info: | enp0s8 | False |             .              |       .       |   .    | 08:00:27:28:9b:1c |
[    7.182985] cloud-init[715]: ci-info: |   lo   |  True |         127.0.0.1          |   255.0.0.0   |  host  |         .         |
[    7.183526] cloud-init[715]: ci-info: |   lo   |  True |          ::1/128           |       .       |  host  |         .         |
[    7.184052] cloud-init[715]: ci-info: +--------+-------+----------------------------+---------------+--------+-------------------+
[    7.184578] cloud-init[715]: ci-info: ++++++++++++++++++++++++++++Route IPv4 info+++++++++++++++++++++++++++++
[    7.185021] cloud-init[715]: ci-info: +-------+-------------+----------+-----------------+-----------+-------+
[    7.185477] cloud-init[715]: ci-info: | Route | Destination | Gateway  |     Genmask     | Interface | Flags |
[    7.185938] cloud-init[715]: ci-info: +-------+-------------+----------+-----------------+-----------+-------+
[    7.186390] cloud-init[715]: ci-info: |   0   |   0.0.0.0   | 10.0.2.2 |     0.0.0.0     |   enp0s3  |   UG  |
[    7.186836] cloud-init[715]: ci-info: |   1   |   10.0.2.0  | 0.0.0.0  |  255.255.255.0  |   enp0s3  |   U   |
[    7.187281] cloud-init[715]: ci-info: |   2   |   10.0.2.2  | 0.0.0.0  | 255.255.255.255 |   enp0s3  |   UH  |
[    7.197584] cloud-init[715]: ci-info: +-------+-------------+----------+-----------------+-----------+-------+
[    7.208104] cloud-init[715]: ci-info: +++++++++++++++++++Route IPv6 info+++++++++++++++++++
[    7.208567] cloud-init[715]: ci-info: +-------+-------------+---------+-----------+-------+
[    7.208987] cloud-init[715]: ci-info: | Route | Destination | Gateway | Interface | Flags |
[    7.209406] cloud-init[715]: ci-info: +-------+-------------+---------+-----------+-------+
[    7.209836] cloud-init[715]: ci-info: |   1   |  fe80::/64  |    ::   |   enp0s3  |   U   |
[    7.210252] cloud-init[715]: ci-info: |   3   |    local    |    ::   |   enp0s3  |   U   |
[    7.210672] cloud-init[715]: ci-info: |   4   |   ff00::/8  |    ::   |   enp0s3  |   U   |
[    7.211547] cloud-init[715]: ci-info: +-------+-------------+---------+-----------+-------+
[    7.608077] cloud-init[715]: Generating public/private rsa key pair.
[    7.620162] cloud-init[715]: Your identification has been saved in /etc/ssh/ssh_host_rsa_key.
[    7.620831] cloud-init[715]: Your public key has been saved in /etc/ssh/ssh_host_rsa_key.pub.
[    7.621317] cloud-init[715]: The key fingerprint is:
[    7.621637] cloud-init[715]: SHA256:c1eK50zfy6pXDcKzadaoYF11GVqlVMEdPsUw2DW3mlc root@ubuntu-bionic
[    7.622120] cloud-init[715]: The key's randomart image is:
[    7.622454] cloud-init[715]: +---[RSA 2048]----+
[    7.622765] cloud-init[715]: |             o=@&|
[    7.623077] cloud-init[715]: |            ..*=O|
[    7.623390] cloud-init[715]: |           . oo=E|
[    7.623704] cloud-init[715]: |           .=o+ o|
[    7.624017] cloud-init[715]: |        S.o.=X o.|
[    7.624332] cloud-init[715]: |        oo.**.oo.|
[    7.624644] cloud-init[715]: |       . . +o o .|
[    7.624953] cloud-init[715]: |          .  .. .|
[    7.625261] cloud-init[715]: |           .o..o |
[    7.625563] cloud-init[715]: +----[SHA256]-----+
[    7.625870] cloud-init[715]: Generating public/private dsa key pair.
[    7.626247] cloud-init[715]: Your identification has been saved in /etc/ssh/ssh_host_dsa_key.
[    7.626715] cloud-init[715]: Your public key has been saved in /etc/ssh/ssh_host_dsa_key.pub.
[    7.627184] cloud-init[[0;32m  OK  [0m] Started Initial cloud-init job (metadata service crawler).
[[0;32m  OK  [0m] Reached target System Initialization.
[[0;32m  OK  [0m] Started Daily Cleanup of Temporary Directories.
[[0;32m  OK  [0m] Listening on Open-iSCSI iscsid Socket.
[715]: The key fingerprint is:[[0;32m  OK  [0m] Started ACPI Events Check.
[[0;32m  OK  [0m] Reached target Paths.
[[0;32m  OK  [0m] Started Daily apt download activities.
[[0;32m  OK  [0m] Started Daily apt upgrade and clean activities.

         Starting Socket activation for snappy daemon.
[[0;32m  OK  [0m] Listening on ACPID Listen Socket.
[    7.629989] cloud-init[715]:          Starting LXD - unix socket.
[[0;32m  OK  [0m] Started Discard unused blocks once a week.
[[0;32m  OK  [0m] Started Ubuntu Advantage Timer for running repeated jobs.
[[0;32m  OK  [0m] Listening on D-Bus System Message Bus Socket.
[[0;32m  OK  [0m] Started Message of the Day.
[[0;32m  OK  [0m] Reached target Timers.
[[0;32m  OK  [0m] Listening on cloud-init hotplug hook socket.
[[0;32m  OK  [0m] Listening on UUID daemon activation socket.
[[0;32m  OK  [0m] Reached target Cloud-config availability.
[[0;32m  OK  [0m] Reached target Network is Online.
         Starting Availability of block devices...
[[0;32m  OK  [0m] Reached target Remote File Systems (Pre).
[[0;32m  OK  [0m] Reached target Remote File Systems.
[[0;32m  OK  [0m] Listening on Socket activation for snappy daemon.
[[0;32m  OK  [0m] Listening on LXD - unix socket.
[[0;32m  OK  [0m] Reached target Sockets.
[[0;32m  OK  [0m] Reached target Basic System.
[[0;32m  OK  [0m] Started Regular background program processing daemon.
[[0;32m  OK  [0m] Started D-Bus System Message Bus.
SHA256:fsE+gNjSDBjuLLkn86PF8izHu7/STRzC35BSlZPRrD0 root@ubuntu-bionic
[    7.638200] cloud-init[715]: The key's randomart image is:
[    7.638706] cloud-init[715]: +---[DSA 1024]----+
[    7.639143] cloud-init[715]: |  .    .o*       |
[    7.639578] cloud-init[715]: | . o  . + o      |
[    7.640010] cloud-init[715]: |  o... . +       |
[    7.640467] cloud-init[715]: | +  +*+...E      |
[    7.640897] cloud-init[715]: |o o o==+S o.     |
[    7.641206] cloud-init[715]: | +   .+..o .     |
[    7.641515] cloud-init[715]: |=.+. o  . +      |
[    7.641824] cloud-init[715]: |.X= . .  . .     |
[    7.642128] cloud-init[715]: |.+**o.           |
[    7.642440] cloud-init[715]: +----[SHA256]-----+
[    7.642750] cloud-init[715]: Generating public/private ecdsa key pair.
[    7.643134] cloud-init[715]: Your identification has been saved in /etc/ssh/ssh_host_ecdsa_key.
[    7.643620] cloud-init[715]: Your public key has been saved in /etc/ssh/ssh_host_ecdsa_key.pub.
[    7.644176] cloud-init[715]: The key fingerprint is:
[    7.645025] cloud-init[715]: SHA256:TXwdJcuZEecOyCIZIhZsyT93OAptBgxlrW+4xRDKPbo root@ubuntu-bionic
[    7.645724] cloud-init[715]: The key's randomart image is:
[    7.646114] cloud-init[715]: +---[ECDSA 256]---+
[    7.647165] cloud-init[715]: |  .**+. .     =oo|
[    7.647502] cloud-init[715]: |   oO... + . + X |
[    7.647864] cloud-init[715]: | . + *  o.+ + B .|
[    7.648663] cloud-init[715]: |  o * * ++.o   o |
[    7.649160] cloud-init[715]: |   . X +So.     .|
[    7.649608] cloud-init[715]: |  . . *          |
[    7.650069] cloud-init[715]: |   . +           |
[    7.650483] cloud-init[715]: |  E .            |
[    7.650922] cloud-init[715]: |                 |
[    7.651309] cloud-init[715]: +----[SHA256]-----+
[    7.651747] cloud-init[715]: Generating public/private ed25519 key pair.
[    7.652271] cloud-init[715]: Your identification has been saved in /etc/ssh/ssh_host_ed25519_key.
[    7.652843] cloud-init[715]: Your public key has been saved in /etc/ssh/ssh_host_ed25519_key.pub.
[    7.653420] cloud-init[715]: The key fingerprint is:
[    7.653822] cloud-init[715]: SHA256:idhdcePAieQK96bmgs+xRilx7IUptTsiwq20sNSVhrI root@ubuntu-bionic
[    7.654438] cloud-init[715]: The key's randomart image is:
[    7.655808] cloud-init[715]: +--[ED25519 256]--+
[    7.656341] cloud-init[715]: |       ..oo.o    |
[    7.656973] cloud-init[715]: |    .  .. o= .   |
[    7.657500] cloud-init[715]: |   oo+o . . .    |
[    7.658041] cloud-init[715]: | .o.*O.= o       |
[    7.658370] cloud-init[715]: |. ==+++ S        |
[    7.658688] cloud-init[715]: |+Eoo*  o         |
[    7.659008] cloud-init[715]: |=oo=..o          |
[    7.659324] cloud-init[715]: |.o..o=           |
[    7.659654] cloud-init[715]: |   o+..          |
[    7.659968] cloud-init[715]: +----[SHA256]-----+
         Starting LXD - container startup/shutdown...
         Starting Accounts Service...
         Starting Virtualbox guest utils...
         Starting Login Service...
         Starting LSB: automatic crash report generation...
[[0;32m  OK  [0m] Started irqbalance daemon.
[[0;32m  OK  [0m] Reached target Login Prompts (Pre).
         Starting System Logging Service...
         Starting Dispatcher daemon for systemd-networkd...
         Starting Snap Daemon...
         Starting Permit User Sessions...
[[0;32m  OK  [0m] Started FUSE filesystem for LXC.
         Starting LSB: Record successful boot for GRUB...
         Starting Pollinate to seed the pseudo random number generator...
[[0;32m  OK  [0m] Started Deferred execution scheduler.
[[0;32m  OK  [0m] Started Availability of block devices.
[[0;32m  OK  [0m] Started LXD - container startup/shutdown.
[[0;32m  OK  [0m] Started System Logging Service.
[[0;32m  OK  [0m] Started Login Service.
[[0;32m  OK  [0m] Started Unattended Upgrades Shutdown.
[[0;32m  OK  [0m] Started Permit User Sessions.
         Starting Hold until boot process finishes up...
         Starting Terminate Plymouth Boot Screen...
[[0;32m  OK  [0m] Started Hold until boot process finishes up.
         Starting Set console scheme...
[[0;32m  OK  [0m] Started Serial Getty on ttyS0.
[[0;32m  OK  [0m] Started Terminate Plymouth Boot Screen.
[[0;32m  OK  [0m] Started Set console scheme.
[[0;32m  OK  [0m] Created slice system-getty.slice.
[[0;32m  OK  [0m] Started Getty on tty1.
[[0;32m  OK  [0m] Reached target Login Prompts.
         Starting Authorization Manager...
[[0;32m  OK  [0m] Started LSB: automatic crash report generation.
[[0;32m  OK  [0m] Started Authorization Manager.
[[0;32m  OK  [0m] Started Accounts Service.
[[0;32m  OK  [0m] Started LSB: Record successful boot for GRUB.
[[0;32m  OK  [0m] Started Virtualbox guest utils.
[[0;32m  OK  [0m] Started Dispatcher daemon for systemd-networkd.
[[0;32m  OK  [0m] Started Snap Daemon.
         Starting Wait until snapd is fully seeded...
[[0;32m  OK  [0m] Started Pollinate to seed the pseudo random number generator.
         Starting OpenBSD Secure Shell server...
[[0;32m  OK  [0m] Started OpenBSD Secure Shell server.
         Starting Time & Date Service...
[[0;32m  OK  [0m] Started Time & Date Service.
[[0;32m  OK  [0m] Started Wait until snapd is fully seeded.
         Starting Apply the settings specified in cloud-config...
[    9.934181] cloud-init[1319]: Cloud-init v. 23.1.1-0ubuntu0~18.04.1 running 'modules:config' at Wed, 24 May 2023 16:45:13 +0000. Up 9.72 seconds.
[[0;32m  OK  [0m] Started Apply the settings specified in cloud-config.
[[0;32m  OK  [0m] Reached target Multi-User System.
[[0;32m  OK  [0m] Reached target Graphical Interface.
         Starting Update UTMP about System Runlevel Changes...
         Starting Execute cloud user/final scripts...
[[0;32m  OK  [0m] Started Update UTMP about System Runlevel Changes.
ci-info: no authorized SSH keys fingerprints found for user ubuntu.
<14>May 24 16:45:14 cloud-init: #############################################################
<14>May 24 16:45:14 cloud-init: -----BEGIN SSH HOST KEY FINGERPRINTS-----
<14>May 24 16:45:14 cloud-init: 1024 SHA256:fsE+gNjSDBjuLLkn86PF8izHu7/STRzC35BSlZPRrD0 root@ubuntu-bionic (DSA)
<14>May 24 16:45:14 cloud-init: 256 SHA256:TXwdJcuZEecOyCIZIhZsyT93OAptBgxlrW+4xRDKPbo root@ubuntu-bionic (ECDSA)
<14>May 24 16:45:14 cloud-init: 256 SHA256:idhdcePAieQK96bmgs+xRilx7IUptTsiwq20sNSVhrI root@ubuntu-bionic (ED25519)
<14>May 24 16:45:14 cloud-init: 2048 SHA256:c1eK50zfy6pXDcKzadaoYF11GVqlVMEdPsUw2DW3mlc root@ubuntu-bionic (RSA)
<14>May 24 16:45:14 cloud-init: -----END SSH HOST KEY FINGERPRINTS-----
<14>May 24 16:45:14 cloud-init: #############################################################
-----BEGIN SSH HOST KEY KEYS-----
ecdsa-sha2-nistp256 AAAAE2VjZHNhLXNoYTItbmlzdHAyNTYAAAAIbmlzdHAyNTYAAABBBFaSugO/S2fm+FW5uRfeP0MluIkuJqJ5s4IG6VD6kmTrWAhZXyIu2SuT59yfUeJbG2JGGmP8S9A4W7B0vKxnHFM= root@ubuntu-bionic
ssh-ed25519 AAAAC3NzaC1lZDI1NTE5AAAAIJJO3dzfik01EF8g1nhuagBx9DbmCH2EFXbCMucFOJyX root@ubuntu-bionic
ssh-rsa AAAAB3NzaC1yc2EAAAADAQABAAABAQDZLuEjS4eIMnmHQXqeGHIvHBEVSeJlbmF2oXDISi6/DDOXmRg/Zv1/WrXfaxdDu2Y9a+23yUvqmYT/SRVsvNC17izmGEyTKdJsIp6Bv9X/BVt9mSijHZ6ptrQA7nbl4Dmb5h3sWUpDFSkP69uhQ04I7u3A4APhEBndIZUf9LxlWH6vpFYIMwp0gSXpLLKchujrMTyl9h5KdxWAPKZPSgfgeV4bifbGt0zN/6gN6hj4ZggsVBKkO/cM7ig+7xyOhuuhFTbg1mdWV6/IyxgVj4PkfZJ2g0iJFIxJGfsM/i3jHCrl7XFXgt2CYcfTAO43W5wNtyZ77u7Q7ZWlgh6i/tRL root@ubuntu-bionic
-----END SSH HOST KEY KEYS-----
[   10.201777] cloud-init[1366]: Cloud-init v. 23.1.1-0ubuntu0~18.04.1 running 'modules:final' at Wed, 24 May 2023 16:45:14 +0000. Up 10.12 seconds.
[   10.203029] cloud-init[1366]: Cloud-init v. 23.1.1-0ubuntu0~18.04.1 finished at Wed, 24 May 2023 16:45:14 +0000. Datasource DataSourceNoCloud [seed=/dev/sdb][dsmode=net].  Up 10.19 seconds
[[0;32m  OK  [0m] Started Execute cloud user/final scripts.
[[0;32m  OK  [0m] Reached target Cloud-init target.

Ubuntu 18.04.6 LTS ubuntu-bionic ttyS0

ubuntu-bionic login:          Stopping Authorization Manager...
[[0;32m  OK  [0m] Stopped target Graphical Interface.
         Stopping Availability of block devices...
[[0;32m  OK  [0m] Stopped target Host and Network Name Lookups.
[[0;32m  OK  [0m] Stopped target Cloud-init target.
[[0;32m  OK  [0m] Stopped Execute cloud user/final scripts.
         Stopping Session 3 of user vagrant.
[[0;32m  OK  [0m] Stopped Apply the settings specified in cloud-config.
[[0;32m  OK  [0m] Stopped target Multi-User System.
[[0;32m  OK  [0m] Stopped target Login Prompts.
         Stopping Serial Getty on ttyS0...
         Stopping Getty on tty1...
         Stopping irqbalance daemon...
         Stopping LSB: automatic crash report generation...
         Stopping D-Bus System Message Bus...
[[0;32m  OK  [0m] Stopped Wait until snapd is fully seeded.
[[0;32m  OK  [0m] Stopped PostgreSQL RDBMS.
         Stopping PostgreSQL Cluster 10-main...
         Stopping System Logging Service...
         Stopping Regular background program processing daemon...
[[0;32m  OK  [0m] Closed Load/Save RF Kill Switch Status /dev/rfkill Watch.
         Stopping LSB: Record successful boot for GRUB...
         Stopping Deferred execution scheduler...
         Stopping Dispatcher daemon for systemd-networkd...
[[0;32m  OK  [0m] Stopped target Cloud-config availability.
         Stopping Virtualbox guest utils...
         Stopping A high performance web server and a reverse proxy server...
[[0;32m  OK  [0m] Stopped target Timers.
[[0;32m  OK  [0m] Stopped Message of the Day.
[[0;32m  OK  [0m] Stopped Daily Cleanup of Temporary Directories.
[[0;32m  OK  [0m] Stopped Discard unused blocks once a week.
[[0;32m  OK  [0m] Stopped Daily apt upgrade and clean activities.
[[0;32m  OK  [0m] Stopped Ubuntu Advantage Timer for running repeated jobs.
[[0;32m  OK  [0m] Stopped Daily apt download activities.
[[0;32m  OK  [0m] Stopped target System Time Synchronized.
         Stopping FUSE filesystem for LXC...
         Stopping Session 5 of user vagrant.
         Stopping User Manager for UID 1000...
         Stopping LXD - container startup/shutdown...
         Stopping OpenBSD Secure Shell server...
         Stopping Accounts Service...
[[0;32m  OK  [0m] Unmounted /var/lib/lxcfs.
[[0;32m  OK  [0m] Stopped Regular background program processing daemon.
[[0;32m  OK  [0m] Stopped irqbalance daemon.
[[0;32m  OK  [0m] Stopped System Logging Service.
[[0;32m  OK  [0m] Stopped Dispatcher daemon for systemd-networkd.
[[0;32m  OK  [0m] Stopped Deferred execution scheduler.
[[0;32m  OK  [0m] Stopped Serial Getty on ttyS0.
[[0;32m  OK  [0m] Stopped Accounts Service.
[[0;32m  OK  [0m] Stopped Getty on tty1.
[[0;32m  OK  [0m] Stopped Authorization Manager.
[[0;32m  OK  [0m] Stopped OpenBSD Secure Shell server.
[[0;32m  OK  [0m] Stopped User Manager for UID 1000.
[[0;32m  OK  [0m] Stopped D-Bus System Message Bus.
[[0;32m  OK  [0m] Stopped Session 3 of user vagrant.
[[0;32m  OK  [0m] Removed slice system-getty.slice.
[[0;32m  OK  [0m] Stopped target Login Prompts (Pre).
[[0;32m  OK  [0m] Removed slice system-serial\x2dgetty.slice.
[[0;32m  OK  [0m] Stopped Session 5 of user vagrant.
[[0;32m  OK  [0m] Removed slice User Slice of vagrant.
         Stopping Permit User Sessions...
         Stopping Login Service...
[[0;32m  OK  [0m] Stopped LSB: Record successful boot for GRUB.
[[0;32m  OK  [0m] Stopped Virtualbox guest utils.
[[0;32m  OK  [0m] Stopped Permit User Sessions.
[[0;32m  OK  [0m] Stopped Availability of block devices.
[[0;32m  OK  [0m] Stopped LXD - container startup/shutdown.
[[0;32m  OK  [0m] Stopped FUSE filesystem for LXC.
[[0;32m  OK  [0m] Stopped LSB: automatic crash report generation.
[[0;32m  OK  [0m] Stopped A high performance web server and a reverse proxy server.
[[0;32m  OK  [0m] Stopped target Remote File Systems.
         Unmounting /vagrant...
[[0;32m  OK  [0m] Unmounted /vagrant.
[[0;32m  OK  [0m] Stopped target Remote File Systems (Pre).
[[0;32m  OK  [0m] Stopped target Network is Online.
[[0;32m  OK  [0m] Stopped target Network.
         Stopping Network Name Resolution...
[[0;32m  OK  [0m] Stopped Login Service.
[[0;32m  OK  [0m] Stopped target User and Group Name Lookups.
[[0;32m  OK  [0m] Stopped Network Name Resolution.
         Stopping Network Service...
[[0;32m  OK  [0m] Stopped Network Service.
[[0;32m  OK  [0m] Stopped target Network (Pre).
[[0;32m  OK  [0m] Stopped PostgreSQL Cluster 10-main.
[[0;32m  OK  [0m] Removed slice system-postgresql.slice.
[[0;32m  OK  [0m] Stopped target Basic System.
[[0;32m  OK  [0m] Stopped target Sockets.
[[0;32m  OK  [0m] Closed Syslog Socket.
[[0;32m  OK  [0m] Closed ACPID Listen Socket.
[[0;32m  OK  [0m] Closed Open-iSCSI iscsid Socket.
[[0;32m  OK  [0m] Closed D-Bus System Message Bus Socket.
[[0;32m  OK  [0m] Closed cloud-init hotplug hook socket.
[[0;32m  OK  [0m] Closed UUID daemon activation socket.
[[0;32m  OK  [0m] Closed Socket activation for snappy daemon.
[[0;32m  OK  [0m] Closed LXD - unix socket.
[[0;32m  OK  [0m] Stopped target Paths.
[[0;32m  OK  [0m] Stopped ACPI Events Check.
[[0;32m  OK  [0m] Stopped target System Initialization.
         Stopping Update UTMP about System Boot/Shutdown...
[[0;32m  OK  [0m] Stopped Commit a transient machine-id on disk.
[[0;32m  OK  [0m] Stopped Apply Kernel Variables.
[[0;32m  OK  [0m] Stopped Load Kernel Modules.
[[0;32m  OK  [0m] Stopped target Local Encrypted Volumes.
[[0;32m  OK  [0m] Stopped Initial cloud-init job (metadata service crawler).
[[0;32m  OK  [0m] Stopped Initial cloud-init job (pre-networking).
         Stopping Load/Save Random Seed...
[[0;32m  OK  [0m] Stopped Dispatch Password Requests to Console Directory Watch.
[[0;32m  OK  [0m] Stopped Forward Password Requests to Wall Directory Watch.
[[0;32m  OK  [0m] Stopped target Slices.
[[0;32m  OK  [0m] Removed slice User and Session Slice.
[[0;32m  OK  [0m] Stopped Load/Save Random Seed.
[[0;32m  OK  [0m] Stopped Update UTMP about System Boot/Shutdown.
[[0;32m  OK  [0m] Stopped Create Volatile Files and Directories.
[[0;32m  OK  [0m] Stopped target Local File Systems.
         Unmounting /run/user/1000...
[[0;32m  OK  [0m] Stopped target Mounted snaps.
[[0;32m  OK  [0m] Stopped target Mounting snaps.
[[0;32m  OK  [0m] Unmounted /run/user/1000.
[[0;32m  OK  [0m] Reached target Unmount All Filesystems.
[[0;32m  OK  [0m] Stopped target Swap.
[[0;32m  OK  [0m] Stopped target Local File Systems (Pre).
[[0;32m  OK  [0m] Stopped Create Static Device Nodes in /dev.
[[0;32m  OK  [0m] Stopped Remount Root and Kernel File Systems.
[[0;32m  OK  [0m] Reached target Shutdown.
[[0;32m  OK  [0m] Reached target Final Step.
         Starting Reboot...
         Stopping Monitoring of LVM2 mirrors…ng dmeventd or progress polling...
[  275.259510] reboot: Restarting system
[    0.000000] Linux version 4.15.0-208-generic (buildd@lcy02-amd64-015) (gcc version 7.5.0 (Ubuntu 7.5.0-3ubuntu1~18.04)) #220-Ubuntu SMP Mon Mar 20 14:27:01 UTC 2023 (Ubuntu 4.15.0-208.220-generic 4.15.18)
[    0.000000] Command line: BOOT_IMAGE=/boot/vmlinuz-4.15.0-208-generic root=LABEL=cloudimg-rootfs ro console=tty1 console=ttyS0
[    0.000000] KERNEL supported cpus:
[    0.000000]   Intel GenuineIntel
[    0.000000]   AMD AuthenticAMD
[    0.000000]   Centaur CentaurHauls
[    0.000000] x86/fpu: Supporting XSAVE feature 0x001: 'x87 floating point registers'
[    0.000000] x86/fpu: Supporting XSAVE feature 0x002: 'SSE registers'
[    0.000000] x86/fpu: Supporting XSAVE feature 0x004: 'AVX registers'
[    0.000000] x86/fpu: xstate_offset[2]:  576, xstate_sizes[2]:  256
[    0.000000] x86/fpu: Enabled xstate features 0x7, context size is 832 bytes, using 'standard' format.
[    0.000000] e820: BIOS-provided physical RAM map:
[    0.000000] BIOS-e820: [mem 0x0000000000000000-0x000000000009fbff] usable
[    0.000000] BIOS-e820: [mem 0x000000000009fc00-0x000000000009ffff] reserved
[    0.000000] BIOS-e820: [mem 0x00000000000f0000-0x00000000000fffff] reserved
[    0.000000] BIOS-e820: [mem 0x0000000000100000-0x00000000dffeffff] usable
[    0.000000] BIOS-e820: [mem 0x00000000dfff0000-0x00000000dfffffff] ACPI data
[    0.000000] BIOS-e820: [mem 0x00000000fec00000-0x00000000fec00fff] reserved
[    0.000000] BIOS-e820: [mem 0x00000000fee00000-0x00000000fee00fff] reserved
[    0.000000] BIOS-e820: [mem 0x00000000fffc0000-0x00000000ffffffff] reserved
[    0.000000] BIOS-e820: [mem 0x0000000100000000-0x000000011fffffff] usable
[    0.000000] NX (Execute Disable) protection: active
[    0.000000] SMBIOS 2.5 present.
[    0.000000] DMI: innotek GmbH VirtualBox/VirtualBox, BIOS VirtualBox 12/01/2006
[    0.000000] Hypervisor detected: KVM
[    0.000000] e820: last_pfn = 0x120000 max_arch_pfn = 0x400000000
[    0.000000] MTRR: Disabled
[    0.000000] x86/PAT: MTRRs disabled, skipping PAT initialization too.
[    0.000000] CPU MTRRs all blank - virtualized system.
[    0.000000] x86/PAT: Configuration [0-7]: WB  WT  UC- UC  WB  WT  UC- UC  
[    0.000000] e820: last_pfn = 0xdfff0 max_arch_pfn = 0x400000000
[    0.000000] found SMP MP-table at [mem 0x0009fff0-0x0009ffff]
[    0.000000] Scanning 1 areas for low memory corruption
[    0.000000] RAMDISK: [mem 0x359c9000-0x36cdbfff]
[    0.000000] ACPI: Early table checksum verification disabled
[    0.000000] ACPI: RSDP 0x00000000000E0000 000024 (v02 VBOX  )
[    0.000000] ACPI: XSDT 0x00000000DFFF0030 00003C (v01 VBOX   VBOXXSDT 00000001 ASL  00000061)
[    0.000000] ACPI: FACP 0x00000000DFFF00F0 0000F4 (v04 VBOX   VBOXFACP 00000001 ASL  00000061)
[    0.000000] ACPI: DSDT 0x00000000DFFF0470 002325 (v02 VBOX   VBOXBIOS 00000002 INTL 20200925)
[    0.000000] ACPI: FACS 0x00000000DFFF0200 000040
[    0.000000] ACPI: FACS 0x00000000DFFF0200 000040
[    0.000000] ACPI: APIC 0x00000000DFFF0240 00005C (v02 VBOX   VBOXAPIC 00000001 ASL  00000061)
[    0.000000] ACPI: SSDT 0x00000000DFFF02A0 0001CC (v01 VBOX   VBOXCPUT 00000002 INTL 20200925)
[    0.000000] ACPI: Reserving FACP table memory at [mem 0xdfff00f0-0xdfff01e3]
[    0.000000] ACPI: Reserving DSDT table memory at [mem 0xdfff0470-0xdfff2794]
[    0.000000] ACPI: Reserving FACS table memory at [mem 0xdfff0200-0xdfff023f]
[    0.000000] ACPI: Reserving FACS table memory at [mem 0xdfff0200-0xdfff023f]
[    0.000000] ACPI: Reserving APIC table memory at [mem 0xdfff0240-0xdfff029b]
[    0.000000] ACPI: Reserving SSDT table memory at [mem 0xdfff02a0-0xdfff046b]
[    0.000000] No NUMA configuration found
[    0.000000] Faking a node at [mem 0x0000000000000000-0x000000011fffffff]
[    0.000000] NODE_DATA(0) allocated [mem 0x11ffd1000-0x11fffbfff]
[    0.000000] kvm-clock: cpu 0, msr 1:1ff50001, primary cpu clock
[    0.000000] kvm-clock: Using msrs 4b564d01 and 4b564d00
[    0.000000] kvm-clock: using sched offset of 3147797309 cycles
[    0.000000] clocksource: kvm-clock: mask: 0xffffffffffffffff max_cycles: 0x1cd42e4dffb, max_idle_ns: 881590591483 ns
[    0.000000] Zone ranges:
[    0.000000]   DMA      [mem 0x0000000000001000-0x0000000000ffffff]
[    0.000000]   DMA32    [mem 0x0000000001000000-0x00000000ffffffff]
[    0.000000]   Normal   [mem 0x0000000100000000-0x000000011fffffff]
[    0.000000]   Device   empty
[    0.000000] Movable zone start for each node
[    0.000000] Early memory node ranges
[    0.000000]   node   0: [mem 0x0000000000001000-0x000000000009efff]
[    0.000000]   node   0: [mem 0x0000000000100000-0x00000000dffeffff]
[    0.000000]   node   0: [mem 0x0000000100000000-0x000000011fffffff]
[    0.000000] Reserved but unavailable: 104 pages
[    0.000000] Initmem setup node 0 [mem 0x0000000000001000-0x000000011fffffff]
[    0.000000] ACPI: PM-Timer IO Port: 0x4008
[    0.000000] IOAPIC[0]: apic_id 2, version 32, address 0xfec00000, GSI 0-23
[    0.000000] ACPI: INT_SRC_OVR (bus 0 bus_irq 0 global_irq 2 dfl dfl)
[    0.000000] ACPI: INT_SRC_OVR (bus 0 bus_irq 9 global_irq 9 low level)
[    0.000000] Using ACPI (MADT) for SMP configuration information
[    0.000000] smpboot: Allowing 2 CPUs, 0 hotplug CPUs
[    0.000000] PM: Registered nosave memory: [mem 0x00000000-0x00000fff]
[    0.000000] PM: Registered nosave memory: [mem 0x0009f000-0x0009ffff]
[    0.000000] PM: Registered nosave memory: [mem 0x000a0000-0x000effff]
[    0.000000] PM: Registered nosave memory: [mem 0x000f0000-0x000fffff]
[    0.000000] PM: Registered nosave memory: [mem 0xdfff0000-0xdfffffff]
[    0.000000] PM: Registered nosave memory: [mem 0xe0000000-0xfebfffff]
[    0.000000] PM: Registered nosave memory: [mem 0xfec00000-0xfec00fff]
[    0.000000] PM: Registered nosave memory: [mem 0xfec01000-0xfedfffff]
[    0.000000] PM: Registered nosave memory: [mem 0xfee00000-0xfee00fff]
[    0.000000] PM: Registered nosave memory: [mem 0xfee01000-0xfffbffff]
[    0.000000] PM: Registered nosave memory: [mem 0xfffc0000-0xffffffff]
[    0.000000] e820: [mem 0xe0000000-0xfebfffff] available for PCI devices
[    0.000000] Booting paravirtualized kernel on KVM
[    0.000000] clocksource: refined-jiffies: mask: 0xffffffff max_cycles: 0xffffffff, max_idle_ns: 7645519600211568 ns
[    0.000000] setup_percpu: NR_CPUS:8192 nr_cpumask_bits:2 nr_cpu_ids:2 nr_node_ids:1
[    0.000000] percpu: Embedded 50 pages/cpu s167936 r8192 d28672 u1048576
[    0.000000] PV qspinlock hash table entries: 256 (order: 0, 4096 bytes)
[    0.000000] Built 1 zonelists, mobility grouping on.  Total pages: 1032057
[    0.000000] Policy zone: Normal
[    0.000000] Kernel command line: BOOT_IMAGE=/boot/vmlinuz-4.15.0-208-generic root=LABEL=cloudimg-rootfs ro console=tty1 console=ttyS0
[    0.000000] Memory: 4013248K/4193848K available (12300K kernel code, 2477K rwdata, 4324K rodata, 2480K init, 2720K bss, 180600K reserved, 0K cma-reserved)
[    0.000000] SLUB: HWalign=64, Order=0-3, MinObjects=0, CPUs=2, Nodes=1
[    0.000000] Kernel/User page tables isolation: enabled
[    0.000000] ftrace: allocating 39494 entries in 155 pages
[    0.004000] Hierarchical RCU implementation.
[    0.004000] 	RCU restricting CPUs from NR_CPUS=8192 to nr_cpu_ids=2.
[    0.004000] 	Tasks RCU enabled.
[    0.004000] RCU: Adjusting geometry for rcu_fanout_leaf=16, nr_cpu_ids=2
[    0.004000] NR_IRQS: 524544, nr_irqs: 440, preallocated irqs: 16
[    0.004000] random: crng init done
[    0.004000] Console: colour VGA+ 80x25
[    0.004000] console [tty1] enabled
[    0.004000] console [ttyS0] enabled
[    0.004000] ACPI: Core revision 20170831
[    0.004000] ACPI: 2 ACPI AML tables successfully acquired and loaded
[    0.004000] APIC: Switch to symmetric I/O mode setup
[    0.004000] x2apic enabled
[    0.004000] Switched APIC routing to physical x2apic.
[    0.004000] ..TIMER: vector=0x30 apic1=0 pin1=2 apic2=-1 pin2=-1
[    0.004000] tsc: Detected 3478.712 MHz processor
[    0.004000] Calibrating delay loop (skipped) preset value.. 6957.42 BogoMIPS (lpj=13914848)
[    0.004000] pid_max: default: 32768 minimum: 301
[    0.004000] Security Framework initialized
[    0.004002] Yama: becoming mindful.
[    0.004304] AppArmor: AppArmor initialized
[    0.005102] Dentry cache hash table entries: 524288 (order: 10, 4194304 bytes)
[    0.005929] Inode-cache hash table entries: 262144 (order: 9, 2097152 bytes)
[    0.006469] Mount-cache hash table entries: 8192 (order: 4, 65536 bytes)
[    0.006985] Mountpoint-cache hash table entries: 8192 (order: 4, 65536 bytes)
[    0.007683] Last level iTLB entries: 4KB 0, 2MB 0, 4MB 0
[    0.008001] Last level dTLB entries: 4KB 0, 2MB 0, 4MB 0, 1GB 0
[    0.008462] Spectre V1 : Mitigation: usercopy/swapgs barriers and __user pointer sanitization
[    0.009122] Spectre V2 : Mitigation: Retpolines
[    0.009487] Spectre V2 : Spectre v2 / SpectreRSB mitigation: Filling RSB on context switch
[    0.010129] Spectre V2 : Spectre v2 / SpectreRSB : Filling RSB on VMEXIT
[    0.010643] Speculative Store Bypass: Vulnerable
[    0.011036] MDS: Mitigation: Clear CPU buffers
[    0.011392] MMIO Stale Data: Unknown: No mitigations
[    0.012110] Freeing SMP alternatives memory: 36K
[    0.124270] APIC calibration not consistent with PM-Timer: 102ms instead of 100ms
[    0.125004] APIC delta adjusted to PM-Timer: 6250000 (6383293)
[    0.125488] smpboot: CPU0: 13th Gen Intel(R) Core(TM) i7-13700K (family: 0x6, model: 0xb7, stepping: 0x1)
[    0.126258] Performance Events: unsupported p6 CPU model 183 no PMU driver, software events only.
[    0.126960] Hierarchical SRCU implementation.
[    0.127415] NMI watchdog: Perf event create on CPU 0 failed with -2
[    0.127906] NMI watchdog: Perf NMI watchdog permanently disabled
[    0.128000] smp: Bringing up secondary CPUs ...
[    0.128000] x86: Booting SMP configuration:
[    0.128000] .... node  #0, CPUs:      #1
[    0.004000] kvm-clock: cpu 1, msr 1:1ff50041, secondary cpu clock
[    0.130580] smp: Brought up 1 node, 2 CPUs
[    0.130580] smpboot: Max logical packages: 1
[    0.130580] smpboot: Total of 2 processors activated (13914.84 BogoMIPS)
[    0.132007] devtmpfs: initialized
[    0.132314] x86/mm: Memory block size: 128MB
[    0.132785] evm: security.selinux
[    0.133065] evm: security.SMACK64
[    0.133344] evm: security.SMACK64EXEC
[    0.133648] evm: security.SMACK64TRANSMUTE
[    0.133986] evm: security.SMACK64MMAP
[    0.134292] evm: security.apparmor
[    0.134579] evm: security.ima
[    0.134837] evm: security.capability
[    0.135145] clocksource: jiffies: mask: 0xffffffff max_cycles: 0xffffffff, max_idle_ns: 7645041785100000 ns
[    0.136003] futex hash table entries: 512 (order: 3, 32768 bytes)
[    0.136555] pinctrl core: initialized pinctrl subsystem
[    0.137015] RTC time: 16:49:47, date: 05/24/23
[    0.137434] NET: Registered protocol family 16
[    0.137819] audit: initializing netlink subsys (disabled)
[    0.138255] audit: type=2000 audit(1684946992.204:1): state=initialized audit_enabled=0 res=1
[    0.138255] cpuidle: using governor ladder
[    0.138255] cpuidle: using governor menu
[    0.138255] ACPI: bus type PCI registered
[    0.140002] acpiphp: ACPI Hot Plug PCI Controller Driver version: 0.5
[    0.140538] PCI: Using configuration type 1 for base access
[    0.140983] HugeTLB registered 2.00 MiB page size, pre-allocated 0 pages
[    0.140983] ACPI: Added _OSI(Module Device)
[    0.140983] ACPI: Added _OSI(Processor Device)
[    0.140983] ACPI: Added _OSI(3.0 _SCP Extensions)
[    0.141111] ACPI: Added _OSI(Processor Aggregator Device)
[    0.141541] ACPI: Added _OSI(Linux-Dell-Video)
[    0.144002] ACPI: Added _OSI(Linux-Lenovo-NV-HDMI-Audio)
[    0.144420] ACPI: Added _OSI(Linux-HPI-Hybrid-Graphics)
[    0.144959] ACPI: Executed 1 blocks of module-level executable AML code
[    0.146778] ACPI: Interpreter enabled
[    0.147089] ACPI: (supports S0 S5)
[    0.147373] ACPI: Using IOAPIC for interrupt routing
[    0.148088] PCI: Using host bridge windows from ACPI; if necessary, use "pci=nocrs" and report a bug
[    0.148859] ACPI: Enabled 2 GPEs in block 00 to 07
[    0.151446] ACPI: PCI Root Bridge [PCI0] (domain 0000 [bus 00-ff])
[    0.152005] acpi PNP0A03:00: _OSC: OS supports [ASPM ClockPM Segments MSI]
[    0.152716] acpi PNP0A03:00: _OSC: not requesting OS control; OS requires [ExtendedConfig ASPM ClockPM MSI]
[    0.153467] acpi PNP0A03:00: fail to add MMCONFIG information, can't access extended PCI configuration space under this bridge.
[    0.154491] PCI host bridge to bus 0000:00
[    0.155312] pci_bus 0000:00: root bus resource [io  0x0000-0x0cf7 window]
[    0.156000] pci_bus 0000:00: root bus resource [io  0x0d00-0xffff window]
[    0.156000] pci_bus 0000:00: root bus resource [mem 0x000a0000-0x000bffff window]
[    0.156001] pci_bus 0000:00: root bus resource [mem 0xe0000000-0xfdffffff window]
[    0.156593] pci_bus 0000:00: root bus resource [bus 00-ff]
[    0.160675] pci 0000:00:01.1: legacy IDE quirk: reg 0x10: [io  0x01f0-0x01f7]
[    0.161220] pci 0000:00:01.1: legacy IDE quirk: reg 0x14: [io  0x03f6]
[    0.161723] pci 0000:00:01.1: legacy IDE quirk: reg 0x18: [io  0x0170-0x0177]
[    0.162271] pci 0000:00:01.1: legacy IDE quirk: reg 0x1c: [io  0x0376]
[    0.174281] pci 0000:00:07.0: quirk: [io  0x4000-0x403f] claimed by PIIX4 ACPI
[    0.174884] pci 0000:00:07.0: quirk: [io  0x4100-0x410f] claimed by PIIX4 SMB
[    0.181939] ACPI: PCI Interrupt Link [LNKA] (IRQs 5 9 10 *11)
[    0.182522] ACPI: PCI Interrupt Link [LNKB] (IRQs 5 9 *10 11)
[    0.183007] ACPI: PCI Interrupt Link [LNKC] (IRQs 5 *9 10 11)
[    0.184039] ACPI: PCI Interrupt Link [LNKD] (IRQs 5 9 10 *11)
[    0.184659] SCSI subsystem initialized
[    0.184994] pci 0000:00:02.0: vgaarb: setting as boot VGA device
[    0.184994] pci 0000:00:02.0: vgaarb: VGA device added: decodes=io+mem,owns=io+mem,locks=none
[    0.185134] pci 0000:00:02.0: vgaarb: bridge control possible
[    0.185583] vgaarb: loaded
[    0.185832] ACPI: bus type USB registered
[    0.186163] usbcore: registered new interface driver usbfs
[    0.188003] usbcore: registered new interface driver hub
[    0.188425] usbcore: registered new device driver usb
[    0.188839] EDAC MC: Ver: 3.0.0
[    0.188839] PCI: Using ACPI for IRQ routing
[    0.188839] NetLabel: Initializing
[    0.188839] NetLabel:  domain hash size = 128
[    0.189103] NetLabel:  protocols = UNLABELED CIPSOv4 CALIPSO
[    0.189556] NetLabel:  unlabeled traffic allowed by default
[    0.190001] clocksource: Switched to clocksource kvm-clock
[    0.193157] VFS: Disk quotas dquot_6.6.0
[    0.193491] VFS: Dquot-cache hash table entries: 512 (order 0, 4096 bytes)
[    0.194061] AppArmor: AppArmor Filesystem Enabled
[    0.194445] pnp: PnP ACPI init
[    0.195080] pnp: PnP ACPI: found 3 devices
[    0.201257] clocksource: acpi_pm: mask: 0xffffff max_cycles: 0xffffff, max_idle_ns: 2085701024 ns
[    0.201960] NET: Registered protocol family 2
[    0.202352] IP idents hash table entries: 65536 (order: 7, 524288 bytes)
[    0.203047] TCP established hash table entries: 32768 (order: 6, 262144 bytes)
[    0.203646] TCP bind hash table entries: 32768 (order: 7, 524288 bytes)
[    0.204328] TCP: Hash tables configured (established 32768 bind 32768)
[    0.204842] UDP hash table entries: 2048 (order: 4, 65536 bytes)
[    0.205310] UDP-Lite hash table entries: 2048 (order: 4, 65536 bytes)
[    0.205817] NET: Registered protocol family 1
[    0.206172] pci 0000:00:00.0: Limiting direct PCI/PCI transfers
[    0.206636] pci 0000:00:01.0: Activating ISA DMA hang workarounds
[    0.207127] pci 0000:00:02.0: Video device with shadowed ROM at [mem 0x000c0000-0x000dffff]
[    0.207814] Unpacking initramfs...
[    0.358395] Freeing initrd memory: 19532K
[    0.358823] PCI-DMA: Using software bounce buffering for IO (SWIOTLB)
[    0.359315] software IO TLB: mapped [mem 0xdbff0000-0xdfff0000] (64MB)
[    0.359828] clocksource: tsc: mask: 0xffffffffffffffff max_cycles: 0x3224c32e3d6, max_idle_ns: 440795320548 ns
[    0.360635] platform rtc_cmos: registered platform RTC device (no PNP device found)
[    0.361236] Scanning for low memory corruption every 60 seconds
[    0.361967] Initialise system trusted keyrings
[    0.362327] Key type blacklist registered
[    0.362670] workingset: timestamp_bits=36 max_order=20 bucket_order=0
[    0.363630] zbud: loaded
[    0.364080] squashfs: version 4.0 (2009/01/31) Phillip Lougher
[    0.364582] fuse init (API version 7.26)
[    0.365550] Key type asymmetric registered
[    0.365884] Asymmetric key parser 'x509' registered
[    0.366276] Block layer SCSI generic (bsg) driver version 0.4 loaded (major 246)
[    0.366862] io scheduler noop registered
[    0.367181] io scheduler deadline registered
[    0.367531] io scheduler cfq registered (default)
[    0.368042] ACPI: AC Adapter [AC] (on-line)
[    0.368398] input: Power Button as /devices/LNXSYSTM:00/LNXPWRBN:00/input/input0
[    0.368997] ACPI: Power Button [PWRF]
[    0.369327] input: Sleep Button as /devices/LNXSYSTM:00/LNXSLPBN:00/input/input1
[    0.369907] ACPI: Sleep Button [SLPF]
[    0.370317] Serial: 8250/16550 driver, 32 ports, IRQ sharing enabled
[    0.391119] 00:02: ttyS0 at I/O 0x3f8 (irq = 4, base_baud = 115200) is a 16550A
[    0.392511] Linux agpgart interface v0.103
[    0.393507] loop: module loaded
[    0.394004] scsi host0: ata_piix
[    0.394319] scsi host1: ata_piix
[    0.394601] ata1: PATA max UDMA/33 cmd 0x1f0 ctl 0x3f6 bmdma 0xd000 irq 14
[    0.395122] ata2: PATA max UDMA/33 cmd 0x170 ctl 0x376 bmdma 0xd008 irq 15
[    0.395682] tun: Universal TUN/TAP device driver, 1.6
[    0.396122] PPP generic driver version 2.4.2
[    0.396490] ehci_hcd: USB 2.0 'Enhanced' Host Controller (EHCI) Driver
[    0.396985] ehci-pci: EHCI PCI platform driver
[    0.397342] ehci-platform: EHCI generic platform driver
[    0.397751] ohci_hcd: USB 1.1 'Open' Host Controller (OHCI) Driver
[    0.398225] ohci-pci: OHCI PCI platform driver
[    0.398583] ohci-platform: OHCI generic platform driver
[    0.398997] uhci_hcd: USB Universal Host Controller Interface driver
[    0.399544] i8042: PNP: PS/2 Controller [PNP0303:PS2K,PNP0f03:PS2M] at 0x60,0x64 irq 1,12
[    0.400496] serio: i8042 KBD port at 0x60,0x64 irq 1
[    0.400897] serio: i8042 AUX port at 0x60,0x64 irq 12
[    0.401340] mousedev: PS/2 mouse device common for all mice
[    0.402005] input: AT Translated Set 2 keyboard as /devices/platform/i8042/serio0/input/input2
[    0.402671] rtc_cmos rtc_cmos: rtc core: registered rtc_cmos as rtc0
[    0.403273] rtc_cmos rtc_cmos: alarms up to one day, 114 bytes nvram
[    0.403758] i2c /dev entries driver
[    0.404081] device-mapper: uevent: version 1.0.3
[    0.404472] device-mapper: ioctl: 4.37.0-ioctl (2017-09-20) initialised: dm-devel@redhat.com
[    0.405140] ledtrig-cpu: registered to indicate activity on CPUs
[    0.405715] NET: Registered protocol family 10
[    0.407626] Segment Routing with IPv6
[    0.407953] NET: Registered protocol family 17
[    0.408437] Key type dns_resolver registered
[    0.408857] mce: Using 0 MCE banks
[    0.409155] RAS: Correctable Errors collector initialized.
[    0.409596] sched_clock: Marking stable (408845566, 0)->(508260279, -99414713)
[    0.410327] registered taskstats version 1
[    0.410669] Loading compiled-in X.509 certificates
[    0.411977] Loaded X.509 cert 'Build time autogenerated kernel key: 05d3fa630a0ed8a65520e390196b077fd5e65720'
[    0.412988] Loaded X.509 cert 'Canonical Ltd. Live Patch Signing: 14df34d1a87cf37625abec039ef2bf521249b969'
[    0.413955] Loaded X.509 cert 'Canonical Ltd. Kernel Module Signing: 88f752e560a1e0737e31163a466ad7b70a850c19'
[    0.414715] blacklist: Loading compiled-in revocation X.509 certificates
[    0.415240] Loaded X.509 cert 'Canonical Ltd. Secure Boot Signing: 61482aa2830d0ab2ad5af10b7250da9033ddcef0'
[    0.416001] Loaded X.509 cert 'Canonical Ltd. Secure Boot Signing (2017): 242ade75ac4a15e50d50c84b0d45ff3eae707a03'
[    0.416817] Loaded X.509 cert 'Canonical Ltd. Secure Boot Signing (ESM 2018): 365188c1d374d6b07c3c8f240f8ef722433d6a8b'
[    0.417636] Loaded X.509 cert 'Canonical Ltd. Secure Boot Signing (2019): c0746fd6c5da3ae827864651ad66ae47fe24b3e8'
[    0.418439] Loaded X.509 cert 'Canonical Ltd. Secure Boot Signing (2021 v1): a8d54bbb3825cfb94fa13c9f8a594a195c107b8d'
[    0.419258] Loaded X.509 cert 'Canonical Ltd. Secure Boot Signing (2021 v2): 4cf046892d6fd3c9a5b03f98d845f90851dc6a8c'
[    0.421053] Loaded X.509 cert 'Canonical Ltd. Secure Boot Signing (2021 v3): 100437bb6de6e469b581e61cd66bce3ef4ed53af'
[    0.422851] Loaded X.509 cert 'Canonical Ltd. Secure Boot Signing (Ubuntu Core 2019): c1d57b8f6b743f23ee41f4f7ee292f06eecadfb9'
[    0.423727] zswap: loaded using pool lzo/zbud
[    0.425540] Key type big_key registered
[    0.425868] Key type trusted registered
[    0.426862] Key type encrypted registered
[    0.427204] AppArmor: AppArmor sha1 policy hashing enabled
[    0.427640] ima: No TPM chip found, activating TPM-bypass! (rc=-19)
[    0.428140] ima: Allocated hash algorithm: sha1
[    0.428513] evm: HMAC attrs: 0x1
[    0.428896]   Magic number: 7:283:844
[    0.429245] rtc_cmos rtc_cmos: setting system clock to 2023-05-24 16:49:47 UTC (1684946987)
[    0.429935] BIOS EDD facility v0.16 2004-Jun-25, 0 devices found
[    0.430403] EDD information not available.
[    0.577680] Freeing unused kernel image memory: 2480K
[    1.128058] Write protecting the kernel read-only data: 20480k
[    1.131525] Freeing unused kernel image memory: 2008K
[    1.134360] Freeing unused kernel image memory: 1820K
[    1.137666] x86/mm: Checked W+X mappings: passed, no W+X pages found.
[    1.138204] x86/mm: Checking user space page tables
[    1.140967] x86/mm: Checked W+X mappings: passed, no W+X pages found.
Loading, please wait...
starting version 237
[    1.166582] e1000: Intel(R) PRO/1000 Network Driver - version 7.3.21-k8-NAPI
[    1.167438] e1000: Copyright (c) 1999-2006 Intel Corporation.
[    1.169948] Fusion MPT base driver 3.04.20
[    1.170356] Copyright (c) 1999-2008 LSI Corporation
[    1.171978] Fusion MPT SPI Host driver 3.04.20
[    1.176997] AVX2 version of gcm_enc/dec engaged.
[    1.177383] AES CTR mode by8 optimization enabled
[    1.372812] input: ImExPS/2 Generic Explorer Mouse as /devices/platform/i8042/serio1/input/input4
[    1.504621] e1000 0000:00:03.0 eth0: (PCI:33MHz:32-bit) 02:e1:6b:97:21:6b
[    1.505314] e1000 0000:00:03.0 eth0: Intel(R) PRO/1000 Network Connection
[    1.506419] mptbase: ioc0: Initiating bringup
[    1.600546] ioc0: LSI53C1030 A0: Capabilities={Initiator}
[    1.844843] scsi host2: ioc0: LSI53C1030 A0, FwRev=00000000h, Ports=1, MaxQ=256, IRQ=20
[    2.016263] scsi 2:0:0:0: Direct-Access     VBOX     HARDDISK         1.0  PQ: 0 ANSI: 5
[    2.044014] scsi target2:0:0: Beginning Domain Validation
[    2.045168] scsi target2:0:0: Domain Validation skipping write tests
[    2.045672] scsi target2:0:0: Ending Domain Validation
[    2.046107] scsi target2:0:0: asynchronous
[    2.046645] scsi 2:0:1:0: Direct-Access     VBOX     HARDDISK         1.0  PQ: 0 ANSI: 5
[    2.077505] scsi target2:0:1: Beginning Domain Validation
[    2.121868] scsi target2:0:1: Domain Validation skipping write tests
[    2.122391] scsi target2:0:1: Ending Domain Validation
[    2.126342] scsi target2:0:1: asynchronous
[    2.129287] sd 2:0:0:0: [sda] 83886080 512-byte logical blocks: (42.9 GB/40.0 GiB)
[    2.129928] sd 2:0:0:0: [sda] Write Protect is off
[    2.130354] sd 2:0:0:0: [sda] Incomplete mode parameter data
[    2.130805] sd 2:0:0:0: [sda] Assuming drive cache: write through
[    2.131453] sd 2:0:0:0: Attached scsi generic sg0 type 0
[    2.132137] sd 2:0:1:0: Attached scsi generic sg1 type 0
[    2.133163] sd 2:0:1:0: [sdb] 20480 512-byte logical blocks: (10.5 MB/10.0 MiB)
[    2.134679] sd 2:0:1:0: [sdb] Write Protect is off
[    2.135634] sd 2:0:1:0: [sdb] Incomplete mode parameter data
[    2.136297] sd 2:0:1:0: [sdb] Assuming drive cache: write through
[    2.138363]  sda: sda1
[    2.138805] sd 2:0:0:0: [sda] Attached SCSI disk
[    2.139611] sd 2:0:1:0: [sdb] Attached SCSI disk
[    2.364255] e1000 0000:00:08.0 eth1: (PCI:33MHz:32-bit) 08:00:27:28:9b:1c
[    2.365384] e1000 0000:00:08.0 eth1: Intel(R) PRO/1000 Network Connection
[    2.366964] e1000 0000:00:08.0 enp0s8: renamed from eth1
[    2.376423] e1000 0000:00:03.0 enp0s3: renamed from eth0
Begin: Loading essential drivers ... [    3.787632] raid6: sse2x1   gen() 30594 MB/s
[    3.847873] raid6: sse2x1   xor() 22615 MB/s
[    3.904590] raid6: sse2x2   gen() 41027 MB/s
[    3.959366] raid6: sse2x2   xor() 23908 MB/s
[    4.008617] raid6: sse2x4   gen() 40614 MB/s
[    4.057885] raid6: sse2x4   xor() 15481 MB/s
[    4.107965] raid6: avx2x1   gen() 46876 MB/s
[    4.163658] raid6: avx2x1   xor() 39958 MB/s
[    4.224186] raid6: avx2x2   gen() 58952 MB/s
[    4.279548] raid6: avx2x2   xor() 42608 MB/s
[    4.335609] raid6: avx2x4   gen() 58317 MB/s
[    4.384146] raid6: avx2x4   xor() 17880 MB/s
[    4.384517] raid6: using algorithm avx2x2 gen() 58952 MB/s
[    4.384955] raid6: .... xor() 42608 MB/s, rmw enabled
[    4.385362] raid6: using avx2x2 recovery algorithm
[    4.386257] xor: automatically using best checksumming function   avx       
[    4.387164] async_tx: api initialized (async)
done.
Begin: Running /scripts/init-premount ... done.
Begin: Mounting root file system ... Begin: Running /scripts/local-top ... done.
Begin: Running /scripts/local-premount ... [    4.406206] Btrfs loaded, crc32c=crc32c-intel
Scanning for Btrfs filesystems
done.
Warning: fsck not present, so skipping root file system
[    4.418351] EXT4-fs (sda1): mounted filesystem with ordered data mode. Opts: (null)
done.
Begin: Running /scripts/local-bottom ... done.
Begin: Running /scripts/init-bottom ... done.
[    4.557924] ip_tables: (C) 2000-2006 Netfilter Core Team
[    4.563743] systemd[1]: systemd 237 running in system mode. (+PAM +AUDIT +SELINUX +IMA +APPARMOR +SMACK +SYSVINIT +UTMP +LIBCRYPTSETUP +GCRYPT +GNUTLS +ACL +XZ +LZ4 +SECCOMP +BLKID +ELFUTILS +KMOD -IDN2 +IDN -PCRE2 default-hierarchy=hybrid)
[    4.566320] systemd[1]: Detected virtualization oracle.
[    4.566871] systemd[1]: Detected architecture x86-64.

Welcome to [1mUbuntu 18.04.6 LTS[0m!

[    4.569620] systemd[1]: Set hostname to <son01>.
[    5.613458] systemd[1]: Reached target System Time Synchronized.
[[0;32m  OK  [0m] Reached target System Time Synchronized.
[    5.614909] systemd[1]: Reached target User and Group Name Lookups.
[[0;32m  OK  [0m] Reached target User and Group Name Lookups.
[    5.616194] systemd[1]: Started Forward Password Requests to Wall Directory Watch.
[[0;32m  OK  [0m] Started Forward Password Requests to Wall Directory Watch.
[    5.618367] systemd[1]: Created slice System Slice.
[[0;32m  OK  [0m] Created slice System Slice.
[    5.619099] systemd[1]: Listening on udev Kernel Socket.
[[0;32m  OK  [0m] Listening on udev Kernel Socket.
[    5.619866] systemd[1]: Listening on Journal Socket.
[[0;32m  OK  [0m] Listening on Journal Socket.
         Starting Uncomplicated firewall...
[[0;32m  OK  [0m] Listening on /dev/initctl Compatibility Named Pipe.
         Mounting POSIX Message Queue File System...
[[0;32m  OK  [0m] Created slice system-postgresql.slice.
[[0;32m  OK  [0m] Listening on Device-mapper event daemon FIFOs.
[[0;32m  OK  [0m] Listening on LVM2 poll daemon socket.
[[0;32m  OK  [0m] Listening on Journal Audit Socket.
         Mounting Huge Pages File System...
[[0;32m  OK  [0m] Created slice system-serial\x2dgetty.slice.
[[0;32m  OK  [0m] Created slice User and Session Slice.
[[0;32m  OK  [0m] Listening on Syslog Socket.
[[0;32m  OK  [0m] Listening on LVM2 metadata daemon socket.
         Starting Monitoring of LVM2 mirrors…ng dmeventd or progress polling...
[[0;32m  OK  [0m] Listening on fsck to fsckd communication Socket.
[[0;32m  OK  [0m] Reached target Swap.
[[0;32m  OK  [0m] Listening on udev Control Socket.
         Mounting Kernel Debug File System...
[[0;32m  OK  [0m] Listening on Journal Socket (/dev/log).
         Starting udev Coldplug all Devices...
[[0;32m  OK  [0m] Reached target Mounting snaps.
[[0;32m  OK  [0m] Reached target Mounted snaps.
[[0;32m  OK  [0m] Listening on Network Service Netlink Socket.
         Starting Set the console keyboard layout...
         Starting File System Check on Root Device...
         Starting Load Kernel Modules...
[[0;32m  OK  [0m] Reached target Slices.
         Starting Create list of required st…ce nodes for the current kernel...
         Starting Journal Service...
[[0;32m  OK  [0m] Set up automount Arbitrary Executab…rmats File System Automount Point.
[[0;32m  OK  [0m] Mounted POSIX Message Queue File System.
[[0;32m  OK  [0m] Mounted Huge Pages File System.
[[0;32m  OK  [0m] Mounted Kernel Debug File System.
[[0;32m  OK  [0m] Started udev Coldplug all Devices.
[[0;32m  OK  [0m] Started LVM2 metadata daemon.
[[0;32m  OK  [0m] Started File System Check Daemon to report status.
[    5.684948] Loading iSCSI transport class v2.0-870.
[    5.689523] iscsi: registered transport (tcp)
[    5.698703] iscsi: registered transport (iser)
[[0;32m  OK  [0m] Started Load Kernel Modules.
         Mounting FUSE Control File System...
         Mounting Kernel Configuration File System...
         Starting Apply Kernel Variables...
[[0;32m  OK  [0m] Mounted FUSE Control File System.
[[0;32m  OK  [0m] Mounted Kernel Configuration File System.
[[0;32m  OK  [0m] Started Journal Service.
[[0;32m  OK  [0m] Started Create list of required sta…vice nodes for the current kernel.
         Starting Create Static Device Nodes in /dev...
[[0;32m  OK  [0m] Started Monitoring of LVM2 mirrors,…sing dmeventd or progress polling.
[[0;32m  OK  [0m] Started File System Check on Root Device.
         Starting Remount Root and Kernel File Systems...
[[0;1;31mFAILED[0m] Failed to start Apply Kernel Variables.
See 'systemctl status systemd-sysctl.service' for details.
[[0;32m  OK  [0m] Started Create Static Device Nodes in /dev.
[[0;32m  OK  [0m] Started Remount Root and Kernel File Systems.
         Starting Flush Journal to Persistent Storage...
         Starting udev Kernel Device Manager...
         Starting Load/Save Random Seed...
[[0;32m  OK  [0m] Started Set the console keyboard layout.
[[0;32m  OK  [0m] Reached target Local File Systems (Pre).
[[0;32m  OK  [0m] Reached target Local File Systems.
         Starting AppArmor initialization...
         Starting Tell Plymouth To Write Out Runtime Data...
         Starting ebtables ruleset management...
         Starting Set console font and keymap...
[[0;32m  OK  [0m] Started Load/Save Random Seed.
[[0;32m  OK  [0m] Started udev Kernel Device Manager.
[[0;32m  OK  [0m] Started Dispatch Password Requests to Console Directory Watch.
[[0;32m  OK  [0m] Reached target Local Encrypted Volumes.
[[0;32m  OK  [0m] Started Tell Plymouth To Write Out Runtime Data.
[[0;32m  OK  [0m] Started Set console font and keymap.
[[0;32m  OK  [0m] Started Flush Journal to Persistent Storage.
         Starting Create Volatile Files and Directories...
[[0;32m  OK  [0m] Started Create Volatile Files and Directories.
         Starting Update UTMP about System Boot/Shutdown...
[[0;32m  OK  [0m] Started Update UTMP about System Boot/Shutdown.
[[0;32m  OK  [0m] Started ebtables ruleset management.
[[0;32m  OK  [0m] Found device /dev/ttyS0.
[[0;32m  OK  [0m] Listening on Load/Save RF Kill Switch Status /dev/rfkill Watch.
[[0;32m  OK  [0m] Started AppArmor initialization.
         Starting Load AppArmor profiles managed internally by snapd...
         Starting Initial cloud-init job (pre-networking)...
         Mounting Arbitrary Executable File Formats File System...
[[0;32m  OK  [0m] Mounted Arbitrary Executable File Formats File System.
[[0;32m  OK  [0m] Started Load AppArmor profiles managed internally by snapd.
[    6.757331] cloud-init[585]: Cloud-init v. 23.1.1-0ubuntu0~18.04.1 running 'init-local' at Wed, 24 May 2023 16:49:53 +0000. Up 6.64 seconds.
[[0;32m  OK  [0m] Started Initial cloud-init job (pre-networking).
[[0;32m  OK  [0m] Reached target Network (Pre).
         Starting Network Service...
[[0;32m  OK  [0m] Started Network Service.
         Starting Network Name Resolution...
         Starting Wait for Network to be Configured...
[[0;32m  OK  [0m] Started Uncomplicated firewall.
[[0;32m  OK  [0m] Started Network Name Resolution.
[[0;32m  OK  [0m] Reached target Network.
[[0;32m  OK  [0m] Reached target Host and Network Name Lookups.
[[0;32m  OK  [0m] Started Wait for Network to be Configured.
         Starting Initial cloud-init job (metadata service crawler)...
[    9.466522] cloud-init[759]: Cloud-init v. 23.1.1-0ubuntu0~18.04.1 running 'init' at Wed, 24 May 2023 16:49:56 +0000. Up 9.41 seconds.
[    9.467143] cloud-init[759]: ci-info: ++++++++++++++++++++++++++++++++++++++Net device info+++++++++++++++++++++++++++++++++++++++
[    9.467777] cloud-init[759]: ci-info: +--------+------+-----------------------------+---------------+--------+-------------------+
[    9.468449] cloud-init[759]: ci-info: | Device |  Up  |           Address           |      Mask     | Scope  |     Hw-Address    |
[    9.469077] cloud-init[759]: ci-info: +--------+------+-----------------------------+---------------+--------+-------------------+
[    9.469703] cloud-init[759]: ci-info: | enp0s3 | True |          10.0.2.15          | 255.255.255.0 | global | 02:e1:6b:97:21:6b |
[    9.470330] cloud-init[759]: ci-info: | enp0s3 | True |  fe80::e1:6bff:fe97:216b/64 |       .       |  link  | 02:e1:6b:97:21:6b |
[    9.471405] cloud-init[759]: ci-info: | enp0s8 | True |        192.168.56.52        | 255.255.255.0 | global | 08:00:27:28:9b:1c |
[    9.472072] cloud-init[759]: ci-info: | enp0s8 | True | fe80::a00:27ff:fe28:9b1c/64 |       .       |  link  | 08:00:27:28:9b:1c |
[    9.472693] cloud-init[759]: ci-info: |   lo   | True |          127.0.0.1          |   255.0.0.0   |  host  |         .         |
[    9.473393] cloud-init[759]: ci-info: |   lo   | True |           ::1/128           |       .       |  host  |         .         |
[    9.474254] cloud-init[759]: ci-info: +--------+------+-----------------------------+---------------+--------+-------------------+
[    9.475101] cloud-init[759]: ci-info: +++++++++++++++++++++++++++++Route IPv4 info+++++++++++++++++++++++++++++
[    9.475875] cloud-init[759]: ci-info: +-------+--------------+----------+-----------------+-----------+-------+
[    9.476759] cloud-init[759]: ci-info: | Route | Destination  | Gateway  |     Genmask     | Interface | Flags |
[    9.477439] cloud-init[759]: ci-info: +-------+--------------+----------+-----------------+-----------+-------+
[    9.477993] cloud-init[759]: ci-info: |   0   |   0.0.0.0    | 10.0.2.2 |     0.0.0.0     |   enp0s3  |   UG  |
[    9.478538] cloud-init[759]: ci-info: |   1   |   10.0.2.0   | 0.0.0.0  |  255.255.255.0  |   enp0s3  |   U   |
[    9.479092] cloud-init[759]: ci-info: |   2   |   10.0.2.2   | 0.0.0.0  | 255.255.255.255 |   enp0s3  |   UH  |
[    9.479643] cloud-init[759]: ci-info: |   3   | 192.168.56.0 | 0.0.0.0  |  255.255.255.0  |   enp0s8  |   U   |
[    9.480213] cloud-init[759]: ci-info: +-------+--------------+----------+-----------------+-----------+-------+
[    9.480762] cloud-init[759]: ci-info: +++++++++++++++++++Route IPv6 info+++++++++++++++++++
[    9.481262] cloud-init[759]: ci-info: +-------+-------------+---------+-----------+-------+
[    9.481739] cloud-init[759]: ci-info: | Route | Destination | Gateway | Interface | Flags |
[    9.496054] cloud-init[759]: ci-info: +-------+-------------+---------+-----------+-------+
[    9.496510] cloud-init[759]: ci-info: |   1   |  fe80::/64  |    ::   |   enp0s3  |   U   |
[    9.497076] cloud-init[759]: ci-info: |   2   |  fe80::/64  |    ::   |   enp0s8  |   U   |
[    9.497623] cloud-init[759]: ci-info: |   4   |    local    |    ::   |   enp0s3  |   U   |
[    9.498128] cloud-init[759]: ci-info: |   5   |    local    |    ::   |   enp0s8  |   U   |
[    9.498782] cloud-init[759]: ci-info: |   6   |   ff00::/8  |    ::   |   enp0s3  |   U   |
[    9.499539] cloud-init[759]: ci-info: |   7   |   ff00::/8  |    ::   |   enp0s8  |   U   |
[    9.500037] cloud-init[759]: ci-info: +-------+-------------+---------+-----------+-------+
[[0;32m  OK  [0m] Started Initial cloud-init job (metadata service crawler).
[[0;32m  OK  [0m] Reached target Network is Online.
         Starting Availability of block devices...
[[0;32m  OK  [0m] Reached target Remote File Systems (Pre).
         Mounting /vagrant...
[[0;32m  OK  [0m] Reached target Cloud-config availability.
[[0;32m  OK  [0m] Reached target System Initialization.
[[0;32m  OK  [0m] Started ACPI Events Check.
[[0;32m  OK  [0m] Listening on ACPID Listen Socket.
         Starting Socket activation for snappy daemon.
[[0;32m  OK  [0m] Started Daily apt download activities.
[[0;32m  OK  [0m] Started Discard unused blocks once a week.
[[0;32m  OK  [0m] Started Daily Cleanup of Temporary Directories.
[[0;32m  OK  [0m] Reached target Paths.
[[0;32m  OK  [0m] Listening on D-Bus System Message Bus Socket.
[[0;32m  OK  [0m] Started Daily apt upgrade and clean activities.
[[0;32m  OK  [0m] Listening on UUID daemon activation socket.
[[0;32m  OK  [0m] Started Message of the Day.
[[0;32m  OK  [0m] Listening on cloud-init hotplug hook socket.
[[0;32m  OK  [0m] Started Ubuntu Advantage Timer for running repeated jobs.
[[0;32m  OK  [0m] Reached target Timers.
[[0;32m  OK  [0m] Listening on Open-iSCSI iscsid Socket.
         Starting LXD - unix socket.
[[0;32m  OK  [0m] Listening on Socket activation for snappy daemon.
[[0;32m  OK  [0m] Listening on LXD - unix socket.
[[0;32m  OK  [0m] Reached target Sockets.
[[0;32m  OK  [0m] Reached target Basic System.
         Starting SonarQube service...
[[0;32m  OK  [0m] Started D-Bus System Message Bus.
[[0;32m  OK  [0m] Started irqbalance daemon.
         Starting PostgreSQL Cluster 10-main...
         Starting System Logging Service...
[[0;32m  OK  [0m] Reached target Login Prompts (Pre).
         Starting Accounts Service...
         Starting OpenBSD Secure Shell server...
[[0;32m  OK  [0m] Started Regular background program processing daemon.
         Starting Dispatcher daemon for systemd-networkd...
         Starting Login Service...
         Starting LSB: Record successful boot for GRUB...
         Starting Resets System Activity Data Collector...
         Starting A high performance web server and a reverse proxy server...
[[0;32m  OK  [0m] Started FUSE filesystem for LXC.
[[0;32m  OK  [0m] Started Deferred execution scheduler.
         Starting Virtualbox guest utils...
         Starting LXD - container startup/shutdown...
         Starting Snap Daemon...
[[0;32m  OK  [0m] Started Availability of block devices.
[[0;32m  OK  [0m] Mounted /vagrant.
[[0;32m  OK  [0m] Reached target Remote File Systems.
         Starting Permit User Sessions...
         Starting LSB: automatic crash report generation...
[[0;32m  OK  [0m] Started System Logging Service.
[[0;32m  OK  [0m] Started Resets System Activity Data Collector.
[[0;32m  OK  [0m] Started Login Service.
[[0;32m  OK  [0m] Started Unattended Upgrades Shutdown.
[[0;32m  OK  [0m] Started OpenBSD Secure Shell server.
[[0;32m  OK  [0m] Started Permit User Sessions.
         Starting Hold until boot process finishes up...
         Starting Terminate Plymouth Boot Screen...
[[0;32m  OK  [0m] Started Hold until boot process finishes up.
[[0;32m  OK  [0m] Started Serial Getty on ttyS0.
         Starting Set console scheme...
[[0;32m  OK  [0m] Started Terminate Plymouth Boot Screen.
[[0;32m  OK  [0m] Started Set console scheme.
[[0;32m  OK  [0m] Created slice system-getty.slice.
[[0;32m  OK  [0m] Started Getty on tty1.
[[0;32m  OK  [0m] Reached target Login Prompts.
         Starting Authorization Manager...
[[0;32m  OK  [0m] Started A high performance web server and a reverse proxy server.
[[0;32m  OK  [0m] Started LSB: automatic crash report generation.
[[0;32m  OK  [0m] Started Virtualbox guest utils.
[[0;32m  OK  [0m] Started Dispatcher daemon for systemd-networkd.
[[0;32m  OK  [0m] Started Authorization Manager.
[[0;32m  OK  [0m] Started Accounts Service.
[[0;32m  OK  [0m] Started LSB: Record successful boot for GRUB.
[[0;32m  OK  [0m] Started LXD - container startup/shutdown.
[[0;32m  OK  [0m] Started Snap Daemon.
         Starting Wait until snapd is fully seeded...
         Starting Time & Date Service...
[[0;32m  OK  [0m] Started Time & Date Service.
[[0;32m  OK  [0m] Started Wait until snapd is fully seeded.
[[0;32m  OK  [0m] Started SonarQube service.
         Starting Apply the settings specified in cloud-config...
[   10.891438] cloud-init[1359]: Cloud-init v. 23.1.1-0ubuntu0~18.04.1 running 'modules:config' at Wed, 24 May 2023 16:49:57 +0000. Up 10.85 seconds.
[[0;32m  OK  [0m] Started Apply the settings specified in cloud-config.
[[0;32m  OK  [0m] Started PostgreSQL Cluster 10-main.
         Starting PostgreSQL RDBMS...
[[0;32m  OK  [0m] Started PostgreSQL RDBMS.
[[0;32m  OK  [0m] Reached target Multi-User System.
         Starting Execute cloud user/final scripts...
[[0;32m  OK  [0m] Reached target Graphical Interface.
         Starting Update UTMP about System Runlevel Changes...
[[0;32m  OK  [0m] Started Update UTMP about System Runlevel Changes.
[   12.894616] cloud-init[1485]: Cloud-init v. 23.1.1-0ubuntu0~18.04.1 running 'modules:final' at Wed, 24 May 2023 16:49:59 +0000. Up 12.83 seconds.
[   12.895281] cloud-init[1485]: Cloud-init v. 23.1.1-0ubuntu0~18.04.1 finished at Wed, 24 May 2023 16:49:59 +0000. Datasource DataSourceNoCloud [seed=/dev/sdb][dsmode=net].  Up 12.89 seconds
[[0;32m  OK  [0m] Started Execute cloud user/final scripts.
[[0;32m  OK  [0m] Reached target Cloud-init target.

Ubuntu 18.04.6 LTS son01 ttyS0

son01 login: 